# project ns (3.27) configured on Sat Nov 25 18:28:49 2017 by
# waf 1.8.19 (abi 98, python 2070cf0 on linux2)
# using ./waf configure --enable-examples --enable-tests
#
----------------------------------------
Setting top to
/mnt/c/ns-allinone-3.27/ns-3.27
----------------------------------------
Setting out to
/mnt/c/ns-allinone-3.27/ns-3.27/build
----------------------------------------
Checking for 'gcc' (C compiler)
find program=['gcc', 'cc'] paths=['/home/gerudoking/bin', '/home/gerudoking/.local/bin', '/usr/local/sbin', '/usr/local/bin', '/usr/sbin', '/usr/bin', '/sbin', '/bin', '/usr/games', '/usr/local/games', '/mnt/d/Haskell Platform/8.0.2/lib/extralibs/bin', '/mnt/d/Haskell Platform/8.0.2/bin', '/mnt/c/ProgramData/Oracle/Java/javapath', '/mnt/c/Windows/System32', '/mnt/c/Windows', '/mnt/c/Windows/System32/wbem', '/mnt/c/Windows/System32/WindowsPowerShell/v1.0', '/mnt/c/MinGW/bin', '/mnt/c/Program Files (x86)/NVIDIA Corporation/PhysX/Common', '/mnt/c/Program Files/Microsoft DNX/Dnvm', '/mnt/c/Windows/System32', '/mnt/c/Windows', '/mnt/c/Windows/System32/wbem', '/mnt/c/Windows/System32/WindowsPowerShell/v1.0', '/mnt/c/Program Files/Git/cmd', '/mnt/d/Downloads 3/apache-maven-3.3.9-bin/apache-maven-3.3.9/bin', '/mnt/d/Downloads 3/commons-logging-1.2-bin/commons-logging-1.2', '/mnt/c/Javalib', '/mnt/c/Program Files/Java/jdk1.8.0_101/bin', '/mnt/c/TDM-GCC-64/bin', '/mnt/c/Program Files (x86)/Skype/Phone', '/mnt/d/Downloads 3/dos2unix-7.3.4-win32/bin', '/mnt/c/Program Files (x86)/GnuWin32/bin', '/mnt/c/SDL-2.0.5/bin', '/mnt/d/Haskell Platform/8.0.2/mingw/bin', '/mnt/c/Program Files/MySQL/MySQL Utilities 1.6', '/mnt/c/Program Files (x86)/GtkSharp/2.12/bin', '/mnt/c/Ruby24-x64/bin', '/mnt/c/Users/Eduardo/AppData/Roaming/local/bin', '/mnt/c/Users/Eduardo/AppData/Local/Programs/Python/Python35-32/Scripts', '/mnt/c/Users/Eduardo/AppData/Local/Programs/Python/Python35-32', '/mnt/c/Users/Eduardo/AppData/Local/Microsoft/WindowsApps', '/snap/bin'] var='CC' -> ['/usr/bin/gcc']
['/usr/bin/gcc', '-dM', '-E', '-']
out: #define __SSP_STRONG__ 3
#define __DBL_MIN_EXP__ (-1021)
#define __UINT_LEAST16_MAX__ 0xffff
#define __ATOMIC_ACQUIRE 2
#define __FLT_MIN__ 1.17549435082228750797e-38F
#define __GCC_IEC_559_COMPLEX 2
#define __UINT_LEAST8_TYPE__ unsigned char
#define __SIZEOF_FLOAT80__ 16
#define __INTMAX_C(c) c ## L
#define __CHAR_BIT__ 8
#define __UINT8_MAX__ 0xff
#define __WINT_MAX__ 0xffffffffU
#define __ORDER_LITTLE_ENDIAN__ 1234
#define __SIZE_MAX__ 0xffffffffffffffffUL
#define __WCHAR_MAX__ 0x7fffffff
#define __GCC_HAVE_SYNC_COMPARE_AND_SWAP_1 1
#define __GCC_HAVE_SYNC_COMPARE_AND_SWAP_2 1
#define __GCC_HAVE_SYNC_COMPARE_AND_SWAP_4 1
#define __DBL_DENORM_MIN__ ((double)4.94065645841246544177e-324L)
#define __GCC_HAVE_SYNC_COMPARE_AND_SWAP_8 1
#define __GCC_ATOMIC_CHAR_LOCK_FREE 2
#define __GCC_IEC_559 2
#define __FLT_EVAL_METHOD__ 0
#define __unix__ 1
#define __GCC_ATOMIC_CHAR32_T_LOCK_FREE 2
#define __x86_64 1
#define __UINT_FAST64_MAX__ 0xffffffffffffffffUL
#define __SIG_ATOMIC_TYPE__ int
#define __DBL_MIN_10_EXP__ (-307)
#define __FINITE_MATH_ONLY__ 0
#define __GNUC_PATCHLEVEL__ 0
#define __UINT_FAST8_MAX__ 0xff
#define __has_include(STR) __has_include__(STR)
#define __DEC64_MAX_EXP__ 385
#define __INT8_C(c) c
#define __UINT_LEAST64_MAX__ 0xffffffffffffffffUL
#define __SHRT_MAX__ 0x7fff
#define __LDBL_MAX__ 1.18973149535723176502e+4932L
#define __UINT_LEAST8_MAX__ 0xff
#define __GCC_ATOMIC_BOOL_LOCK_FREE 2
#define __UINTMAX_TYPE__ long unsigned int
#define __linux 1
#define __DEC32_EPSILON__ 1E-6DF
#define __unix 1
#define __UINT32_MAX__ 0xffffffffU
#define __LDBL_MAX_EXP__ 16384
#define __WINT_MIN__ 0U
#define __linux__ 1
#define __SCHAR_MAX__ 0x7f
#define __WCHAR_MIN__ (-__WCHAR_MAX__ - 1)
#define __INT64_C(c) c ## L
#define __DBL_DIG__ 15
#define __GCC_ATOMIC_POINTER_LOCK_FREE 2
#define __SIZEOF_INT__ 4
#define __SIZEOF_POINTER__ 8
#define __USER_LABEL_PREFIX__ 
#define __STDC_HOSTED__ 1
#define __LDBL_HAS_INFINITY__ 1
#define __FLT_EPSILON__ 1.19209289550781250000e-7F
#define __LDBL_MIN__ 3.36210314311209350626e-4932L
#define __STDC_UTF_16__ 1
#define __DEC32_MAX__ 9.999999E96DF
#define __INT32_MAX__ 0x7fffffff
#define __SIZEOF_LONG__ 8
#define __STDC_IEC_559__ 1
#define __STDC_ISO_10646__ 201505L
#define __UINT16_C(c) c
#define __DECIMAL_DIG__ 21
#define __gnu_linux__ 1
#define __has_include_next(STR) __has_include_next__(STR)
#define __LDBL_HAS_QUIET_NAN__ 1
#define __GNUC__ 5
#define __MMX__ 1
#define __FLT_HAS_DENORM__ 1
#define __SIZEOF_LONG_DOUBLE__ 16
#define __BIGGEST_ALIGNMENT__ 16
#define __DBL_MAX__ ((double)1.79769313486231570815e+308L)
#define __INT_FAST32_MAX__ 0x7fffffffffffffffL
#define __DBL_HAS_INFINITY__ 1
#define __DEC32_MIN_EXP__ (-94)
#define __INT_FAST16_TYPE__ long int
#define __LDBL_HAS_DENORM__ 1
#define __DEC128_MAX__ 9.999999999999999999999999999999999E6144DL
#define __INT_LEAST32_MAX__ 0x7fffffff
#define __DEC32_MIN__ 1E-95DF
#define __DBL_MAX_EXP__ 1024
#define __DEC128_EPSILON__ 1E-33DL
#define __SSE2_MATH__ 1
#define __ATOMIC_HLE_RELEASE 131072
#define __PTRDIFF_MAX__ 0x7fffffffffffffffL
#define __amd64 1
#define __STDC_NO_THREADS__ 1
#define __ATOMIC_HLE_ACQUIRE 65536
#define __LONG_LONG_MAX__ 0x7fffffffffffffffLL
#define __SIZEOF_SIZE_T__ 8
#define __SIZEOF_WINT_T__ 4
#define __GCC_HAVE_DWARF2_CFI_ASM 1
#define __GXX_ABI_VERSION 1009
#define __FLT_MIN_EXP__ (-125)
#define __INT_FAST64_TYPE__ long int
#define __DBL_MIN__ ((double)2.22507385850720138309e-308L)
#define __LP64__ 1
#define __DECIMAL_BID_FORMAT__ 1
#define __DEC128_MIN__ 1E-6143DL
#define __REGISTER_PREFIX__ 
#define __UINT16_MAX__ 0xffff
#define __DBL_HAS_DENORM__ 1
#define __UINT8_TYPE__ unsigned char
#define __NO_INLINE__ 1
#define __FLT_MANT_DIG__ 24
#define __VERSION__ "5.4.0 20160609"
#define __UINT64_C(c) c ## UL
#define _STDC_PREDEF_H 1
#define __GCC_ATOMIC_INT_LOCK_FREE 2
#define __FLOAT_WORD_ORDER__ __ORDER_LITTLE_ENDIAN__
#define __STDC_IEC_559_COMPLEX__ 1
#define __INT32_C(c) c
#define __DEC64_EPSILON__ 1E-15DD
#define __ORDER_PDP_ENDIAN__ 3412
#define __DEC128_MIN_EXP__ (-6142)
#define __INT_FAST32_TYPE__ long int
#define __UINT_LEAST16_TYPE__ short unsigned int
#define unix 1
#define __INT16_MAX__ 0x7fff
#define __SIZE_TYPE__ long unsigned int
#define __UINT64_MAX__ 0xffffffffffffffffUL
#define __INT8_TYPE__ signed char
#define __ELF__ 1
#define __FLT_RADIX__ 2
#define __INT_LEAST16_TYPE__ short int
#define __LDBL_EPSILON__ 1.08420217248550443401e-19L
#define __UINTMAX_C(c) c ## UL
#define __SSE_MATH__ 1
#define __k8 1
#define __SIG_ATOMIC_MAX__ 0x7fffffff
#define __GCC_ATOMIC_WCHAR_T_LOCK_FREE 2
#define __SIZEOF_PTRDIFF_T__ 8
#define __x86_64__ 1
#define __DEC32_SUBNORMAL_MIN__ 0.000001E-95DF
#define __INT_FAST16_MAX__ 0x7fffffffffffffffL
#define __UINT_FAST32_MAX__ 0xffffffffffffffffUL
#define __UINT_LEAST64_TYPE__ long unsigned int
#define __FLT_HAS_QUIET_NAN__ 1
#define __FLT_MAX_10_EXP__ 38
#define __LONG_MAX__ 0x7fffffffffffffffL
#define __DEC128_SUBNORMAL_MIN__ 0.000000000000000000000000000000001E-6143DL
#define __FLT_HAS_INFINITY__ 1
#define __UINT_FAST16_TYPE__ long unsigned int
#define __DEC64_MAX__ 9.999999999999999E384DD
#define __CHAR16_TYPE__ short unsigned int
#define __PRAGMA_REDEFINE_EXTNAME 1
#define __INT_LEAST16_MAX__ 0x7fff
#define __DEC64_MANT_DIG__ 16
#define __INT64_MAX__ 0x7fffffffffffffffL
#define __UINT_LEAST32_MAX__ 0xffffffffU
#define __GCC_ATOMIC_LONG_LOCK_FREE 2
#define __INT_LEAST64_TYPE__ long int
#define __INT16_TYPE__ short int
#define __INT_LEAST8_TYPE__ signed char
#define __STDC_VERSION__ 201112L
#define __DEC32_MAX_EXP__ 97
#define __INT_FAST8_MAX__ 0x7f
#define __INTPTR_MAX__ 0x7fffffffffffffffL
#define linux 1
#define __SSE2__ 1
#define __LDBL_MANT_DIG__ 64
#define __DBL_HAS_QUIET_NAN__ 1
#define __SIG_ATOMIC_MIN__ (-__SIG_ATOMIC_MAX__ - 1)
#define __code_model_small__ 1
#define __k8__ 1
#define __INTPTR_TYPE__ long int
#define __UINT16_TYPE__ short unsigned int
#define __WCHAR_TYPE__ int
#define __SIZEOF_FLOAT__ 4
#define __UINTPTR_MAX__ 0xffffffffffffffffUL
#define __DEC64_MIN_EXP__ (-382)
#define __INT_FAST64_MAX__ 0x7fffffffffffffffL
#define __GCC_ATOMIC_TEST_AND_SET_TRUEVAL 1
#define __FLT_DIG__ 6
#define __UINT_FAST64_TYPE__ long unsigned int
#define __INT_MAX__ 0x7fffffff
#define __amd64__ 1
#define __INT64_TYPE__ long int
#define __FLT_MAX_EXP__ 128
#define __ORDER_BIG_ENDIAN__ 4321
#define __DBL_MANT_DIG__ 53
#define __SIZEOF_FLOAT128__ 16
#define __INT_LEAST64_MAX__ 0x7fffffffffffffffL
#define __GCC_ATOMIC_CHAR16_T_LOCK_FREE 2
#define __DEC64_MIN__ 1E-383DD
#define __WINT_TYPE__ unsigned int
#define __UINT_LEAST32_TYPE__ unsigned int
#define __SIZEOF_SHORT__ 2
#define __SSE__ 1
#define __LDBL_MIN_EXP__ (-16381)
#define __INT_LEAST8_MAX__ 0x7f
#define __SIZEOF_INT128__ 16
#define __LDBL_MAX_10_EXP__ 4932
#define __ATOMIC_RELAXED 0
#define __DBL_EPSILON__ ((double)2.22044604925031308085e-16L)
#define _LP64 1
#define __UINT8_C(c) c
#define __INT_LEAST32_TYPE__ int
#define __SIZEOF_WCHAR_T__ 4
#define __UINT64_TYPE__ long unsigned int
#define __INT_FAST8_TYPE__ signed char
#define __GNUC_STDC_INLINE__ 1
#define __DBL_DECIMAL_DIG__ 17
#define __STDC_UTF_32__ 1
#define __FXSR__ 1
#define __DEC_EVAL_METHOD__ 2
#define __UINT32_C(c) c ## U
#define __INTMAX_MAX__ 0x7fffffffffffffffL
#define __BYTE_ORDER__ __ORDER_LITTLE_ENDIAN__
#define __FLT_DENORM_MIN__ 1.40129846432481707092e-45F
#define __INT8_MAX__ 0x7f
#define __UINT_FAST32_TYPE__ long unsigned int
#define __CHAR32_TYPE__ unsigned int
#define __FLT_MAX__ 3.40282346638528859812e+38F
#define __INT32_TYPE__ int
#define __SIZEOF_DOUBLE__ 8
#define __FLT_MIN_10_EXP__ (-37)
#define __INTMAX_TYPE__ long int
#define __DEC128_MAX_EXP__ 6145
#define __ATOMIC_CONSUME 1
#define __GNUC_MINOR__ 4
#define __UINTMAX_MAX__ 0xffffffffffffffffUL
#define __DEC32_MANT_DIG__ 7
#define __DBL_MAX_10_EXP__ 308
#define __LDBL_DENORM_MIN__ 3.64519953188247460253e-4951L
#define __INT16_C(c) c
#define __STDC__ 1
#define __PTRDIFF_TYPE__ long int
#define __ATOMIC_SEQ_CST 5
#define __UINT32_TYPE__ unsigned int
#define __UINTPTR_TYPE__ long unsigned int
#define __DEC64_SUBNORMAL_MIN__ 0.000000000000001E-383DD
#define __DEC128_MANT_DIG__ 34
#define __LDBL_MIN_10_EXP__ (-4931)
#define __SIZEOF_LONG_LONG__ 8
#define __GCC_ATOMIC_LLONG_LOCK_FREE 2
#define __LDBL_DIG__ 18
#define __FLT_DECIMAL_DIG__ 9
#define __UINT_FAST16_MAX__ 0xffffffffffffffffUL
#define __GCC_ATOMIC_SHORT_LOCK_FREE 2
#define __UINT_FAST8_TYPE__ unsigned char
#define __ATOMIC_ACQ_REL 4
#define __ATOMIC_RELEASE 3

find program=['ar'] paths=['/home/gerudoking/bin', '/home/gerudoking/.local/bin', '/usr/local/sbin', '/usr/local/bin', '/usr/sbin', '/usr/bin', '/sbin', '/bin', '/usr/games', '/usr/local/games', '/mnt/d/Haskell Platform/8.0.2/lib/extralibs/bin', '/mnt/d/Haskell Platform/8.0.2/bin', '/mnt/c/ProgramData/Oracle/Java/javapath', '/mnt/c/Windows/System32', '/mnt/c/Windows', '/mnt/c/Windows/System32/wbem', '/mnt/c/Windows/System32/WindowsPowerShell/v1.0', '/mnt/c/MinGW/bin', '/mnt/c/Program Files (x86)/NVIDIA Corporation/PhysX/Common', '/mnt/c/Program Files/Microsoft DNX/Dnvm', '/mnt/c/Windows/System32', '/mnt/c/Windows', '/mnt/c/Windows/System32/wbem', '/mnt/c/Windows/System32/WindowsPowerShell/v1.0', '/mnt/c/Program Files/Git/cmd', '/mnt/d/Downloads 3/apache-maven-3.3.9-bin/apache-maven-3.3.9/bin', '/mnt/d/Downloads 3/commons-logging-1.2-bin/commons-logging-1.2', '/mnt/c/Javalib', '/mnt/c/Program Files/Java/jdk1.8.0_101/bin', '/mnt/c/TDM-GCC-64/bin', '/mnt/c/Program Files (x86)/Skype/Phone', '/mnt/d/Downloads 3/dos2unix-7.3.4-win32/bin', '/mnt/c/Program Files (x86)/GnuWin32/bin', '/mnt/c/SDL-2.0.5/bin', '/mnt/d/Haskell Platform/8.0.2/mingw/bin', '/mnt/c/Program Files/MySQL/MySQL Utilities 1.6', '/mnt/c/Program Files (x86)/GtkSharp/2.12/bin', '/mnt/c/Ruby24-x64/bin', '/mnt/c/Users/Eduardo/AppData/Roaming/local/bin', '/mnt/c/Users/Eduardo/AppData/Local/Programs/Python/Python35-32/Scripts', '/mnt/c/Users/Eduardo/AppData/Local/Programs/Python/Python35-32', '/mnt/c/Users/Eduardo/AppData/Local/Microsoft/WindowsApps', '/snap/bin'] var='AR' -> ['/usr/bin/ar']
/usr/bin/gcc
----------------------------------------
Checking for cc version
5.4.0
----------------------------------------
Checking for 'g++' (C++ compiler)
find program=['g++', 'c++'] paths=['/home/gerudoking/bin', '/home/gerudoking/.local/bin', '/usr/local/sbin', '/usr/local/bin', '/usr/sbin', '/usr/bin', '/sbin', '/bin', '/usr/games', '/usr/local/games', '/mnt/d/Haskell Platform/8.0.2/lib/extralibs/bin', '/mnt/d/Haskell Platform/8.0.2/bin', '/mnt/c/ProgramData/Oracle/Java/javapath', '/mnt/c/Windows/System32', '/mnt/c/Windows', '/mnt/c/Windows/System32/wbem', '/mnt/c/Windows/System32/WindowsPowerShell/v1.0', '/mnt/c/MinGW/bin', '/mnt/c/Program Files (x86)/NVIDIA Corporation/PhysX/Common', '/mnt/c/Program Files/Microsoft DNX/Dnvm', '/mnt/c/Windows/System32', '/mnt/c/Windows', '/mnt/c/Windows/System32/wbem', '/mnt/c/Windows/System32/WindowsPowerShell/v1.0', '/mnt/c/Program Files/Git/cmd', '/mnt/d/Downloads 3/apache-maven-3.3.9-bin/apache-maven-3.3.9/bin', '/mnt/d/Downloads 3/commons-logging-1.2-bin/commons-logging-1.2', '/mnt/c/Javalib', '/mnt/c/Program Files/Java/jdk1.8.0_101/bin', '/mnt/c/TDM-GCC-64/bin', '/mnt/c/Program Files (x86)/Skype/Phone', '/mnt/d/Downloads 3/dos2unix-7.3.4-win32/bin', '/mnt/c/Program Files (x86)/GnuWin32/bin', '/mnt/c/SDL-2.0.5/bin', '/mnt/d/Haskell Platform/8.0.2/mingw/bin', '/mnt/c/Program Files/MySQL/MySQL Utilities 1.6', '/mnt/c/Program Files (x86)/GtkSharp/2.12/bin', '/mnt/c/Ruby24-x64/bin', '/mnt/c/Users/Eduardo/AppData/Roaming/local/bin', '/mnt/c/Users/Eduardo/AppData/Local/Programs/Python/Python35-32/Scripts', '/mnt/c/Users/Eduardo/AppData/Local/Programs/Python/Python35-32', '/mnt/c/Users/Eduardo/AppData/Local/Microsoft/WindowsApps', '/snap/bin'] var='CXX' -> ['/usr/bin/g++']
['/usr/bin/g++', '-dM', '-E', '-']
out: #define __SSP_STRONG__ 3
#define __DBL_MIN_EXP__ (-1021)
#define __UINT_LEAST16_MAX__ 0xffff
#define __ATOMIC_ACQUIRE 2
#define __FLT_MIN__ 1.17549435082228750797e-38F
#define __GCC_IEC_559_COMPLEX 2
#define __UINT_LEAST8_TYPE__ unsigned char
#define __SIZEOF_FLOAT80__ 16
#define __INTMAX_C(c) c ## L
#define __CHAR_BIT__ 8
#define __UINT8_MAX__ 0xff
#define __WINT_MAX__ 0xffffffffU
#define __ORDER_LITTLE_ENDIAN__ 1234
#define __SIZE_MAX__ 0xffffffffffffffffUL
#define __WCHAR_MAX__ 0x7fffffff
#define __GCC_HAVE_SYNC_COMPARE_AND_SWAP_1 1
#define __GCC_HAVE_SYNC_COMPARE_AND_SWAP_2 1
#define __GCC_HAVE_SYNC_COMPARE_AND_SWAP_4 1
#define __DBL_DENORM_MIN__ ((double)4.94065645841246544177e-324L)
#define __GCC_HAVE_SYNC_COMPARE_AND_SWAP_8 1
#define __GCC_ATOMIC_CHAR_LOCK_FREE 2
#define __GCC_IEC_559 2
#define __FLT_EVAL_METHOD__ 0
#define __unix__ 1
#define __GCC_ATOMIC_CHAR32_T_LOCK_FREE 2
#define __x86_64 1
#define __UINT_FAST64_MAX__ 0xffffffffffffffffUL
#define __SIG_ATOMIC_TYPE__ int
#define __DBL_MIN_10_EXP__ (-307)
#define __FINITE_MATH_ONLY__ 0
#define __GNUC_PATCHLEVEL__ 0
#define __UINT_FAST8_MAX__ 0xff
#define __has_include(STR) __has_include__(STR)
#define __DEC64_MAX_EXP__ 385
#define __INT8_C(c) c
#define __UINT_LEAST64_MAX__ 0xffffffffffffffffUL
#define __SHRT_MAX__ 0x7fff
#define __LDBL_MAX__ 1.18973149535723176502e+4932L
#define __UINT_LEAST8_MAX__ 0xff
#define __GCC_ATOMIC_BOOL_LOCK_FREE 2
#define __UINTMAX_TYPE__ long unsigned int
#define __linux 1
#define __DEC32_EPSILON__ 1E-6DF
#define __unix 1
#define __UINT32_MAX__ 0xffffffffU
#define __LDBL_MAX_EXP__ 16384
#define __WINT_MIN__ 0U
#define __linux__ 1
#define __SCHAR_MAX__ 0x7f
#define __WCHAR_MIN__ (-__WCHAR_MAX__ - 1)
#define __INT64_C(c) c ## L
#define __DBL_DIG__ 15
#define __GCC_ATOMIC_POINTER_LOCK_FREE 2
#define __SIZEOF_INT__ 4
#define __SIZEOF_POINTER__ 8
#define __USER_LABEL_PREFIX__ 
#define __STDC_HOSTED__ 1
#define __LDBL_HAS_INFINITY__ 1
#define __FLT_EPSILON__ 1.19209289550781250000e-7F
#define __LDBL_MIN__ 3.36210314311209350626e-4932L
#define __STDC_UTF_16__ 1
#define __DEC32_MAX__ 9.999999E96DF
#define __INT32_MAX__ 0x7fffffff
#define __SIZEOF_LONG__ 8
#define __STDC_IEC_559__ 1
#define __STDC_ISO_10646__ 201505L
#define __UINT16_C(c) c
#define __DECIMAL_DIG__ 21
#define __gnu_linux__ 1
#define __has_include_next(STR) __has_include_next__(STR)
#define __LDBL_HAS_QUIET_NAN__ 1
#define __GNUC__ 5
#define __MMX__ 1
#define __FLT_HAS_DENORM__ 1
#define __SIZEOF_LONG_DOUBLE__ 16
#define __BIGGEST_ALIGNMENT__ 16
#define __DBL_MAX__ ((double)1.79769313486231570815e+308L)
#define __INT_FAST32_MAX__ 0x7fffffffffffffffL
#define __DBL_HAS_INFINITY__ 1
#define __DEC32_MIN_EXP__ (-94)
#define __INT_FAST16_TYPE__ long int
#define __LDBL_HAS_DENORM__ 1
#define __DEC128_MAX__ 9.999999999999999999999999999999999E6144DL
#define __INT_LEAST32_MAX__ 0x7fffffff
#define __DEC32_MIN__ 1E-95DF
#define __DBL_MAX_EXP__ 1024
#define __DEC128_EPSILON__ 1E-33DL
#define __SSE2_MATH__ 1
#define __ATOMIC_HLE_RELEASE 131072
#define __PTRDIFF_MAX__ 0x7fffffffffffffffL
#define __amd64 1
#define __STDC_NO_THREADS__ 1
#define __ATOMIC_HLE_ACQUIRE 65536
#define __LONG_LONG_MAX__ 0x7fffffffffffffffLL
#define __SIZEOF_SIZE_T__ 8
#define __SIZEOF_WINT_T__ 4
#define __GCC_HAVE_DWARF2_CFI_ASM 1
#define __GXX_ABI_VERSION 1009
#define __FLT_MIN_EXP__ (-125)
#define __INT_FAST64_TYPE__ long int
#define __DBL_MIN__ ((double)2.22507385850720138309e-308L)
#define __LP64__ 1
#define __DECIMAL_BID_FORMAT__ 1
#define __DEC128_MIN__ 1E-6143DL
#define __REGISTER_PREFIX__ 
#define __UINT16_MAX__ 0xffff
#define __DBL_HAS_DENORM__ 1
#define __UINT8_TYPE__ unsigned char
#define __NO_INLINE__ 1
#define __FLT_MANT_DIG__ 24
#define __VERSION__ "5.4.0 20160609"
#define __UINT64_C(c) c ## UL
#define _STDC_PREDEF_H 1
#define __GCC_ATOMIC_INT_LOCK_FREE 2
#define __FLOAT_WORD_ORDER__ __ORDER_LITTLE_ENDIAN__
#define __STDC_IEC_559_COMPLEX__ 1
#define __INT32_C(c) c
#define __DEC64_EPSILON__ 1E-15DD
#define __ORDER_PDP_ENDIAN__ 3412
#define __DEC128_MIN_EXP__ (-6142)
#define __INT_FAST32_TYPE__ long int
#define __UINT_LEAST16_TYPE__ short unsigned int
#define unix 1
#define __INT16_MAX__ 0x7fff
#define __SIZE_TYPE__ long unsigned int
#define __UINT64_MAX__ 0xffffffffffffffffUL
#define __INT8_TYPE__ signed char
#define __ELF__ 1
#define __FLT_RADIX__ 2
#define __INT_LEAST16_TYPE__ short int
#define __LDBL_EPSILON__ 1.08420217248550443401e-19L
#define __UINTMAX_C(c) c ## UL
#define __SSE_MATH__ 1
#define __k8 1
#define __SIG_ATOMIC_MAX__ 0x7fffffff
#define __GCC_ATOMIC_WCHAR_T_LOCK_FREE 2
#define __SIZEOF_PTRDIFF_T__ 8
#define __x86_64__ 1
#define __DEC32_SUBNORMAL_MIN__ 0.000001E-95DF
#define __INT_FAST16_MAX__ 0x7fffffffffffffffL
#define __UINT_FAST32_MAX__ 0xffffffffffffffffUL
#define __UINT_LEAST64_TYPE__ long unsigned int
#define __FLT_HAS_QUIET_NAN__ 1
#define __FLT_MAX_10_EXP__ 38
#define __LONG_MAX__ 0x7fffffffffffffffL
#define __DEC128_SUBNORMAL_MIN__ 0.000000000000000000000000000000001E-6143DL
#define __FLT_HAS_INFINITY__ 1
#define __UINT_FAST16_TYPE__ long unsigned int
#define __DEC64_MAX__ 9.999999999999999E384DD
#define __CHAR16_TYPE__ short unsigned int
#define __PRAGMA_REDEFINE_EXTNAME 1
#define __INT_LEAST16_MAX__ 0x7fff
#define __DEC64_MANT_DIG__ 16
#define __INT64_MAX__ 0x7fffffffffffffffL
#define __UINT_LEAST32_MAX__ 0xffffffffU
#define __GCC_ATOMIC_LONG_LOCK_FREE 2
#define __INT_LEAST64_TYPE__ long int
#define __INT16_TYPE__ short int
#define __INT_LEAST8_TYPE__ signed char
#define __STDC_VERSION__ 201112L
#define __DEC32_MAX_EXP__ 97
#define __INT_FAST8_MAX__ 0x7f
#define __INTPTR_MAX__ 0x7fffffffffffffffL
#define linux 1
#define __SSE2__ 1
#define __LDBL_MANT_DIG__ 64
#define __DBL_HAS_QUIET_NAN__ 1
#define __SIG_ATOMIC_MIN__ (-__SIG_ATOMIC_MAX__ - 1)
#define __code_model_small__ 1
#define __k8__ 1
#define __INTPTR_TYPE__ long int
#define __UINT16_TYPE__ short unsigned int
#define __WCHAR_TYPE__ int
#define __SIZEOF_FLOAT__ 4
#define __UINTPTR_MAX__ 0xffffffffffffffffUL
#define __DEC64_MIN_EXP__ (-382)
#define __INT_FAST64_MAX__ 0x7fffffffffffffffL
#define __GCC_ATOMIC_TEST_AND_SET_TRUEVAL 1
#define __FLT_DIG__ 6
#define __UINT_FAST64_TYPE__ long unsigned int
#define __INT_MAX__ 0x7fffffff
#define __amd64__ 1
#define __INT64_TYPE__ long int
#define __FLT_MAX_EXP__ 128
#define __ORDER_BIG_ENDIAN__ 4321
#define __DBL_MANT_DIG__ 53
#define __SIZEOF_FLOAT128__ 16
#define __INT_LEAST64_MAX__ 0x7fffffffffffffffL
#define __GCC_ATOMIC_CHAR16_T_LOCK_FREE 2
#define __DEC64_MIN__ 1E-383DD
#define __WINT_TYPE__ unsigned int
#define __UINT_LEAST32_TYPE__ unsigned int
#define __SIZEOF_SHORT__ 2
#define __SSE__ 1
#define __LDBL_MIN_EXP__ (-16381)
#define __INT_LEAST8_MAX__ 0x7f
#define __SIZEOF_INT128__ 16
#define __LDBL_MAX_10_EXP__ 4932
#define __ATOMIC_RELAXED 0
#define __DBL_EPSILON__ ((double)2.22044604925031308085e-16L)
#define _LP64 1
#define __UINT8_C(c) c
#define __INT_LEAST32_TYPE__ int
#define __SIZEOF_WCHAR_T__ 4
#define __UINT64_TYPE__ long unsigned int
#define __INT_FAST8_TYPE__ signed char
#define __GNUC_STDC_INLINE__ 1
#define __DBL_DECIMAL_DIG__ 17
#define __STDC_UTF_32__ 1
#define __FXSR__ 1
#define __DEC_EVAL_METHOD__ 2
#define __UINT32_C(c) c ## U
#define __INTMAX_MAX__ 0x7fffffffffffffffL
#define __BYTE_ORDER__ __ORDER_LITTLE_ENDIAN__
#define __FLT_DENORM_MIN__ 1.40129846432481707092e-45F
#define __INT8_MAX__ 0x7f
#define __UINT_FAST32_TYPE__ long unsigned int
#define __CHAR32_TYPE__ unsigned int
#define __FLT_MAX__ 3.40282346638528859812e+38F
#define __INT32_TYPE__ int
#define __SIZEOF_DOUBLE__ 8
#define __FLT_MIN_10_EXP__ (-37)
#define __INTMAX_TYPE__ long int
#define __DEC128_MAX_EXP__ 6145
#define __ATOMIC_CONSUME 1
#define __GNUC_MINOR__ 4
#define __UINTMAX_MAX__ 0xffffffffffffffffUL
#define __DEC32_MANT_DIG__ 7
#define __DBL_MAX_10_EXP__ 308
#define __LDBL_DENORM_MIN__ 3.64519953188247460253e-4951L
#define __INT16_C(c) c
#define __STDC__ 1
#define __PTRDIFF_TYPE__ long int
#define __ATOMIC_SEQ_CST 5
#define __UINT32_TYPE__ unsigned int
#define __UINTPTR_TYPE__ long unsigned int
#define __DEC64_SUBNORMAL_MIN__ 0.000000000000001E-383DD
#define __DEC128_MANT_DIG__ 34
#define __LDBL_MIN_10_EXP__ (-4931)
#define __SIZEOF_LONG_LONG__ 8
#define __GCC_ATOMIC_LLONG_LOCK_FREE 2
#define __LDBL_DIG__ 18
#define __FLT_DECIMAL_DIG__ 9
#define __UINT_FAST16_MAX__ 0xffffffffffffffffUL
#define __GCC_ATOMIC_SHORT_LOCK_FREE 2
#define __UINT_FAST8_TYPE__ unsigned char
#define __ATOMIC_ACQ_REL 4
#define __ATOMIC_RELEASE 3

(tool ar is already loaded, skipping)
/usr/bin/g++
------------------------------------------------------
Checking for compilation flag -Wl,--soname=foo support
==>
int main() { return 0; }
<==
[1/1] Compiling [32mbuild/.conf_check_15d05aff002e7ad666567900bc6c6ff5/test.cpp[0m

['/usr/bin/g++', '-O0', '-ggdb', '-g3', '-Wall', '-Werror', '-Wl,--soname=foo', '-DNS3_BUILD_PROFILE_DEBUG', '-DNS3_ASSERT_ENABLE', '-DNS3_LOG_ENABLE', '../test.cpp', '-c', '-o', '/mnt/c/ns-allinone-3.27/ns-3.27/build/.conf_check_15d05aff002e7ad666567900bc6c6ff5/testbuild/test.cpp.1.o']
ok
------------------------------------------------------
Checking for program 'python'
/usr/bin/python
find program=['python'] paths=['/home/gerudoking/bin', '/home/gerudoking/.local/bin', '/usr/local/sbin', '/usr/local/bin', '/usr/sbin', '/usr/bin', '/sbin', '/bin', '/usr/games', '/usr/local/games', '/mnt/d/Haskell Platform/8.0.2/lib/extralibs/bin', '/mnt/d/Haskell Platform/8.0.2/bin', '/mnt/c/ProgramData/Oracle/Java/javapath', '/mnt/c/Windows/System32', '/mnt/c/Windows', '/mnt/c/Windows/System32/wbem', '/mnt/c/Windows/System32/WindowsPowerShell/v1.0', '/mnt/c/MinGW/bin', '/mnt/c/Program Files (x86)/NVIDIA Corporation/PhysX/Common', '/mnt/c/Program Files/Microsoft DNX/Dnvm', '/mnt/c/Windows/System32', '/mnt/c/Windows', '/mnt/c/Windows/System32/wbem', '/mnt/c/Windows/System32/WindowsPowerShell/v1.0', '/mnt/c/Program Files/Git/cmd', '/mnt/d/Downloads 3/apache-maven-3.3.9-bin/apache-maven-3.3.9/bin', '/mnt/d/Downloads 3/commons-logging-1.2-bin/commons-logging-1.2', '/mnt/c/Javalib', '/mnt/c/Program Files/Java/jdk1.8.0_101/bin', '/mnt/c/TDM-GCC-64/bin', '/mnt/c/Program Files (x86)/Skype/Phone', '/mnt/d/Downloads 3/dos2unix-7.3.4-win32/bin', '/mnt/c/Program Files (x86)/GnuWin32/bin', '/mnt/c/SDL-2.0.5/bin', '/mnt/d/Haskell Platform/8.0.2/mingw/bin', '/mnt/c/Program Files/MySQL/MySQL Utilities 1.6', '/mnt/c/Program Files (x86)/GtkSharp/2.12/bin', '/mnt/c/Ruby24-x64/bin', '/mnt/c/Users/Eduardo/AppData/Roaming/local/bin', '/mnt/c/Users/Eduardo/AppData/Local/Programs/Python/Python35-32/Scripts', '/mnt/c/Users/Eduardo/AppData/Local/Programs/Python/Python35-32', '/mnt/c/Users/Eduardo/AppData/Local/Microsoft/WindowsApps', '/snap/bin'] var='PYTHON' -> ['/usr/bin/python']
['/usr/bin/python', '-c', 'import imp;print(imp.get_tag())']
err: Traceback (most recent call last):
  File "<string>", line 1, in <module>
AttributeError: 'module' object has no attribute 'get_tag'

['/usr/bin/python', '-c', 'import sys\nfor x in sys.version_info: print(str(x))']
out: 2
7
12
final
0

['/usr/bin/python', '-c', "from distutils.sysconfig import get_config_var, get_python_lib\n\nprint(repr(get_python_lib(standard_lib=0, prefix='/usr/local') or ''))"]
out: '/usr/local/lib/python2.7/dist-packages'

'/usr/local/lib/python2.7/dist-packages'

['/usr/bin/python', '-c', "from distutils.sysconfig import get_config_var, get_python_lib\n\nprint(repr(get_python_lib(plat_specific=1, standard_lib=0, prefix='/usr/local') or ''))"]
out: '/usr/local/lib/python2.7/dist-packages'

'/usr/local/lib/python2.7/dist-packages'

------------------------------------------------------
Checking for python version
(2, 7, 12, 'final', 0)
['/usr/bin/python', '-c', "from distutils.sysconfig import get_config_var, get_python_lib\n\nprint(repr(get_config_var('prefix') or ''))\nprint(repr(get_config_var('SO') or ''))\nprint(repr(get_config_var('LDFLAGS') or ''))\nprint(repr(get_config_var('LIBDIR') or ''))\nprint(repr(get_config_var('LIBPL') or ''))\nprint(repr(get_config_var('INCLUDEPY') or ''))\nprint(repr(get_config_var('Py_ENABLE_SHARED') or ''))\nprint(repr(get_config_var('MACOSX_DEPLOYMENT_TARGET') or ''))\nprint(repr(get_config_var('LDSHARED') or ''))\nprint(repr(get_config_var('CFLAGS') or ''))\nprint(repr(get_config_var('LDVERSION') or ''))"]
out: '/usr'
'.so'
'-Wl,-Bsymbolic-functions -Wl,-z,relro'
'/usr/lib'
'/usr/lib/python2.7/config-x86_64-linux-gnu'
'/usr/include/python2.7'
1
''
'x86_64-linux-gnu-gcc -pthread -shared -Wl,-O1 -Wl,-Bsymbolic-functions -Wl,-Bsymbolic-functions -Wl,-z,relro -fno-strict-aliasing -DNDEBUG -g -fwrapv -O2 -Wall -Wstrict-prototypes -Wdate-time -D_FORTIFY_SOURCE=2 -g -fstack-protector-strong -Wformat -Werror=format-security  '
'-fno-strict-aliasing -DNDEBUG -g -fwrapv -O2 -Wall -Wstrict-prototypes -Wdate-time -D_FORTIFY_SOURCE=2 -g -fstack-protector-strong -Wformat -Werror=format-security  '
''

'/usr'
'.so'
'-Wl,-Bsymbolic-functions -Wl,-z,relro'
'/usr/lib'
'/usr/lib/python2.7/config-x86_64-linux-gnu'
'/usr/include/python2.7'
1
''
'x86_64-linux-gnu-gcc -pthread -shared -Wl,-O1 -Wl,-Bsymbolic-functions -Wl,-Bsymbolic-functions -Wl,-z,relro -fno-strict-aliasing -DNDEBUG -g -fwrapv -O2 -Wall -Wstrict-prototypes -Wdate-time -D_FORTIFY_SOURCE=2 -g -fstack-protector-strong -Wformat -Werror=format-security  '
'-fno-strict-aliasing -DNDEBUG -g -fwrapv -O2 -Wall -Wstrict-prototypes -Wdate-time -D_FORTIFY_SOURCE=2 -g -fstack-protector-strong -Wformat -Werror=format-security  '
''

Configuration returned from ['/usr/bin/python']:
prefix = '/usr'
SO = '.so'
LDFLAGS = '-Wl,-Bsymbolic-functions -Wl,-z,relro'
LIBDIR = '/usr/lib'
LIBPL = '/usr/lib/python2.7/config-x86_64-linux-gnu'
INCLUDEPY = '/usr/include/python2.7'
Py_ENABLE_SHARED = 1
MACOSX_DEPLOYMENT_TARGET = ''
LDSHARED = 'x86_64-linux-gnu-gcc -pthread -shared -Wl,-O1 -Wl,-Bsymbolic-functions -Wl,-Bsymbolic-functions -Wl,-z,relro -fno-strict-aliasing -DNDEBUG -g -fwrapv -O2 -Wall -Wstrict-prototypes -Wdate-time -D_FORTIFY_SOURCE=2 -g -fstack-protector-strong -Wformat -Werror=format-security  '
CFLAGS = '-fno-strict-aliasing -DNDEBUG -g -fwrapv -O2 -Wall -Wstrict-prototypes -Wdate-time -D_FORTIFY_SOURCE=2 -g -fstack-protector-strong -Wformat -Werror=format-security  '
LDVERSION = ''

------------------------------------------------------
python-config
not found
find program=['/usr/bin/python-config', 'python2.7-config', 'python-config-2.7', 'python2.7m-config'] paths=['/home/gerudoking/bin', '/home/gerudoking/.local/bin', '/usr/local/sbin', '/usr/local/bin', '/usr/sbin', '/usr/bin', '/sbin', '/bin', '/usr/games', '/usr/local/games', '/mnt/d/Haskell Platform/8.0.2/lib/extralibs/bin', '/mnt/d/Haskell Platform/8.0.2/bin', '/mnt/c/ProgramData/Oracle/Java/javapath', '/mnt/c/Windows/System32', '/mnt/c/Windows', '/mnt/c/Windows/System32/wbem', '/mnt/c/Windows/System32/WindowsPowerShell/v1.0', '/mnt/c/MinGW/bin', '/mnt/c/Program Files (x86)/NVIDIA Corporation/PhysX/Common', '/mnt/c/Program Files/Microsoft DNX/Dnvm', '/mnt/c/Windows/System32', '/mnt/c/Windows', '/mnt/c/Windows/System32/wbem', '/mnt/c/Windows/System32/WindowsPowerShell/v1.0', '/mnt/c/Program Files/Git/cmd', '/mnt/d/Downloads 3/apache-maven-3.3.9-bin/apache-maven-3.3.9/bin', '/mnt/d/Downloads 3/commons-logging-1.2-bin/commons-logging-1.2', '/mnt/c/Javalib', '/mnt/c/Program Files/Java/jdk1.8.0_101/bin', '/mnt/c/TDM-GCC-64/bin', '/mnt/c/Program Files (x86)/Skype/Phone', '/mnt/d/Downloads 3/dos2unix-7.3.4-win32/bin', '/mnt/c/Program Files (x86)/GnuWin32/bin', '/mnt/c/SDL-2.0.5/bin', '/mnt/d/Haskell Platform/8.0.2/mingw/bin', '/mnt/c/Program Files/MySQL/MySQL Utilities 1.6', '/mnt/c/Program Files (x86)/GtkSharp/2.12/bin', '/mnt/c/Ruby24-x64/bin', '/mnt/c/Users/Eduardo/AppData/Roaming/local/bin', '/mnt/c/Users/Eduardo/AppData/Local/Programs/Python/Python35-32/Scripts', '/mnt/c/Users/Eduardo/AppData/Local/Programs/Python/Python35-32', '/mnt/c/Users/Eduardo/AppData/Local/Microsoft/WindowsApps', '/snap/bin'] var='PYTHON_CONFIG' -> None
from /mnt/c/ns-allinone-3.27/ns-3.27/bindings/python: Could not find the program ['/usr/bin/python-config', 'python2.7-config', 'python-config-2.7', 'python2.7m-config']


# try again with -L$python_LIBDIR: ['/usr/lib']

------------------------------------------------------
Checking for library python2.7 in LIBDIR
==>

int main(int argc, char **argv) {
	(void)argc; (void)argv;
	return 0;
}

<==
[1/2] Compiling [32mbuild/.conf_check_18543b1ce04178a43ef4cb3d2bff7181/test.cpp[0m

['/usr/bin/g++', '-O0', '-ggdb', '-g3', '-Wall', '-Werror', '-std=c++11', '-fno-strict-aliasing', '-fwrapv', '-fstack-protector-strong', '-DNS3_BUILD_PROFILE_DEBUG', '-DNS3_ASSERT_ENABLE', '-DNS3_LOG_ENABLE', '-DPYTHONDIR="/usr/local/lib/python2.7/dist-packages"', '-DPYTHONARCHDIR="/usr/local/lib/python2.7/dist-packages"', '-DNDEBUG', '-D_FORTIFY_SOURCE=2', '../test.cpp', '-c', '-o', '/mnt/c/ns-allinone-3.27/ns-3.27/build/.conf_check_18543b1ce04178a43ef4cb3d2bff7181/testbuild/test.cpp.1.o']
[2/2] Linking [33mbuild/.conf_check_18543b1ce04178a43ef4cb3d2bff7181/testbuild/testprog[0m

['/usr/bin/g++', '-Wl,-Bsymbolic-functions', '-Wl,-z,relro', 'test.cpp.1.o', '-o', '/mnt/c/ns-allinone-3.27/ns-3.27/build/.conf_check_18543b1ce04178a43ef4cb3d2bff7181/testbuild/testprog', '-Wl,-Bstatic', '-Wl,-Bdynamic', '-L/usr/lib', '-lpython2.7']
err: /usr/bin/ld: cannot find -lpython2.7
collect2: error: ld returned 1 exit status

from /mnt/c/ns-allinone-3.27/ns-3.27/bindings/python: Test does not build: Traceback (most recent call last):
  File "/mnt/c/ns-allinone-3.27/ns-3.27/.waf-1.8.19-b1fc8f7baef51bd2db4c2971909a568d/waflib/Configure.py", line 335, in run_build
    bld.compile()
  File "/mnt/c/ns-allinone-3.27/ns-3.27/.waf-1.8.19-b1fc8f7baef51bd2db4c2971909a568d/waflib/Build.py", line 185, in compile
    raise Errors.BuildError(self.producer.error)
BuildError: Build failed
 -> task in 'testprog' failed (exit status 1): 
	{task 140080933024592: cxxprogram test.cpp.1.o -> testprog}
['/usr/bin/g++', '-Wl,-Bsymbolic-functions', '-Wl,-z,relro', 'test.cpp.1.o', '-o', '/mnt/c/ns-allinone-3.27/ns-3.27/build/.conf_check_18543b1ce04178a43ef4cb3d2bff7181/testbuild/testprog', '-Wl,-Bstatic', '-Wl,-Bdynamic', '-L/usr/lib', '-lpython2.7']

not found
from /mnt/c/ns-allinone-3.27/ns-3.27/bindings/python: The configuration failed


# try again with -L$python_LIBPL (some systems don't install the python library in $prefix/lib)

------------------------------------------------------
Checking for library python2.7 in python_LIBPL
==>

int main(int argc, char **argv) {
	(void)argc; (void)argv;
	return 0;
}

<==
[1/2] Compiling [32mbuild/.conf_check_9c38de37acfda0a1fb8c89d9948a1289/test.cpp[0m

['/usr/bin/g++', '-O0', '-ggdb', '-g3', '-Wall', '-Werror', '-std=c++11', '-fno-strict-aliasing', '-fwrapv', '-fstack-protector-strong', '-DNS3_BUILD_PROFILE_DEBUG', '-DNS3_ASSERT_ENABLE', '-DNS3_LOG_ENABLE', '-DPYTHONDIR="/usr/local/lib/python2.7/dist-packages"', '-DPYTHONARCHDIR="/usr/local/lib/python2.7/dist-packages"', '-DNDEBUG', '-D_FORTIFY_SOURCE=2', '../test.cpp', '-c', '-o', '/mnt/c/ns-allinone-3.27/ns-3.27/build/.conf_check_9c38de37acfda0a1fb8c89d9948a1289/testbuild/test.cpp.1.o']
[2/2] Linking [33mbuild/.conf_check_9c38de37acfda0a1fb8c89d9948a1289/testbuild/testprog[0m

['/usr/bin/g++', '-Wl,-Bsymbolic-functions', '-Wl,-z,relro', 'test.cpp.1.o', '-o', '/mnt/c/ns-allinone-3.27/ns-3.27/build/.conf_check_9c38de37acfda0a1fb8c89d9948a1289/testbuild/testprog', '-Wl,-Bstatic', '-Wl,-Bdynamic', '-L/usr/lib/python2.7/config-x86_64-linux-gnu', '-lpython2.7']
err: /usr/bin/ld: cannot find -lpython2.7
collect2: error: ld returned 1 exit status

from /mnt/c/ns-allinone-3.27/ns-3.27/bindings/python: Test does not build: Traceback (most recent call last):
  File "/mnt/c/ns-allinone-3.27/ns-3.27/.waf-1.8.19-b1fc8f7baef51bd2db4c2971909a568d/waflib/Configure.py", line 335, in run_build
    bld.compile()
  File "/mnt/c/ns-allinone-3.27/ns-3.27/.waf-1.8.19-b1fc8f7baef51bd2db4c2971909a568d/waflib/Build.py", line 185, in compile
    raise Errors.BuildError(self.producer.error)
BuildError: Build failed
 -> task in 'testprog' failed (exit status 1): 
	{task 140080933026000: cxxprogram test.cpp.1.o -> testprog}
['/usr/bin/g++', '-Wl,-Bsymbolic-functions', '-Wl,-z,relro', 'test.cpp.1.o', '-o', '/mnt/c/ns-allinone-3.27/ns-3.27/build/.conf_check_9c38de37acfda0a1fb8c89d9948a1289/testbuild/testprog', '-Wl,-Bstatic', '-Wl,-Bdynamic', '-L/usr/lib/python2.7/config-x86_64-linux-gnu', '-lpython2.7']

not found
from /mnt/c/ns-allinone-3.27/ns-3.27/bindings/python: The configuration failed


# try again with -L$prefix/libs, and pythonXY name rather than pythonX.Y (win32)

------------------------------------------------------
Checking for library python2.7 in $prefix/libs
==>

int main(int argc, char **argv) {
	(void)argc; (void)argv;
	return 0;
}

<==
[1/2] Compiling [32mbuild/.conf_check_e66a59e56d0e25deaab4fb87be0abbf9/test.cpp[0m

['/usr/bin/g++', '-O0', '-ggdb', '-g3', '-Wall', '-Werror', '-std=c++11', '-fno-strict-aliasing', '-fwrapv', '-fstack-protector-strong', '-DNS3_BUILD_PROFILE_DEBUG', '-DNS3_ASSERT_ENABLE', '-DNS3_LOG_ENABLE', '-DPYTHONDIR="/usr/local/lib/python2.7/dist-packages"', '-DPYTHONARCHDIR="/usr/local/lib/python2.7/dist-packages"', '-DNDEBUG', '-D_FORTIFY_SOURCE=2', '../test.cpp', '-c', '-o', '/mnt/c/ns-allinone-3.27/ns-3.27/build/.conf_check_e66a59e56d0e25deaab4fb87be0abbf9/testbuild/test.cpp.1.o']
[2/2] Linking [33mbuild/.conf_check_e66a59e56d0e25deaab4fb87be0abbf9/testbuild/testprog[0m

['/usr/bin/g++', '-Wl,-Bsymbolic-functions', '-Wl,-z,relro', 'test.cpp.1.o', '-o', '/mnt/c/ns-allinone-3.27/ns-3.27/build/.conf_check_e66a59e56d0e25deaab4fb87be0abbf9/testbuild/testprog', '-Wl,-Bstatic', '-Wl,-Bdynamic', '-L/usr/libs', '-lpython2.7']
err: /usr/bin/ld: cannot find -lpython2.7
collect2: error: ld returned 1 exit status

from /mnt/c/ns-allinone-3.27/ns-3.27/bindings/python: Test does not build: Traceback (most recent call last):
  File "/mnt/c/ns-allinone-3.27/ns-3.27/.waf-1.8.19-b1fc8f7baef51bd2db4c2971909a568d/waflib/Configure.py", line 335, in run_build
    bld.compile()
  File "/mnt/c/ns-allinone-3.27/ns-3.27/.waf-1.8.19-b1fc8f7baef51bd2db4c2971909a568d/waflib/Build.py", line 185, in compile
    raise Errors.BuildError(self.producer.error)
BuildError: Build failed
 -> task in 'testprog' failed (exit status 1): 
	{task 140080933027088: cxxprogram test.cpp.1.o -> testprog}
['/usr/bin/g++', '-Wl,-Bsymbolic-functions', '-Wl,-z,relro', 'test.cpp.1.o', '-o', '/mnt/c/ns-allinone-3.27/ns-3.27/build/.conf_check_e66a59e56d0e25deaab4fb87be0abbf9/testbuild/testprog', '-Wl,-Bstatic', '-Wl,-Bdynamic', '-L/usr/libs', '-lpython2.7']

not found
from /mnt/c/ns-allinone-3.27/ns-3.27/bindings/python: The configuration failed


# try again with -L$python_LIBDIR: ['/usr/lib']

------------------------------------------------------
Checking for library python2.7m in LIBDIR
==>

int main(int argc, char **argv) {
	(void)argc; (void)argv;
	return 0;
}

<==
[1/2] Compiling [32mbuild/.conf_check_7bc08cadcc34e02f2b34ab714565e92d/test.cpp[0m

['/usr/bin/g++', '-O0', '-ggdb', '-g3', '-Wall', '-Werror', '-std=c++11', '-fno-strict-aliasing', '-fwrapv', '-fstack-protector-strong', '-DNS3_BUILD_PROFILE_DEBUG', '-DNS3_ASSERT_ENABLE', '-DNS3_LOG_ENABLE', '-DPYTHONDIR="/usr/local/lib/python2.7/dist-packages"', '-DPYTHONARCHDIR="/usr/local/lib/python2.7/dist-packages"', '-DNDEBUG', '-D_FORTIFY_SOURCE=2', '../test.cpp', '-c', '-o', '/mnt/c/ns-allinone-3.27/ns-3.27/build/.conf_check_7bc08cadcc34e02f2b34ab714565e92d/testbuild/test.cpp.1.o']
[2/2] Linking [33mbuild/.conf_check_7bc08cadcc34e02f2b34ab714565e92d/testbuild/testprog[0m

['/usr/bin/g++', '-Wl,-Bsymbolic-functions', '-Wl,-z,relro', 'test.cpp.1.o', '-o', '/mnt/c/ns-allinone-3.27/ns-3.27/build/.conf_check_7bc08cadcc34e02f2b34ab714565e92d/testbuild/testprog', '-Wl,-Bstatic', '-Wl,-Bdynamic', '-L/usr/lib', '-lpython2.7m']
err: /usr/bin/ld: cannot find -lpython2.7m
collect2: error: ld returned 1 exit status

from /mnt/c/ns-allinone-3.27/ns-3.27/bindings/python: Test does not build: Traceback (most recent call last):
  File "/mnt/c/ns-allinone-3.27/ns-3.27/.waf-1.8.19-b1fc8f7baef51bd2db4c2971909a568d/waflib/Configure.py", line 335, in run_build
    bld.compile()
  File "/mnt/c/ns-allinone-3.27/ns-3.27/.waf-1.8.19-b1fc8f7baef51bd2db4c2971909a568d/waflib/Build.py", line 185, in compile
    raise Errors.BuildError(self.producer.error)
BuildError: Build failed
 -> task in 'testprog' failed (exit status 1): 
	{task 140080933122448: cxxprogram test.cpp.1.o -> testprog}
['/usr/bin/g++', '-Wl,-Bsymbolic-functions', '-Wl,-z,relro', 'test.cpp.1.o', '-o', '/mnt/c/ns-allinone-3.27/ns-3.27/build/.conf_check_7bc08cadcc34e02f2b34ab714565e92d/testbuild/testprog', '-Wl,-Bstatic', '-Wl,-Bdynamic', '-L/usr/lib', '-lpython2.7m']

not found
from /mnt/c/ns-allinone-3.27/ns-3.27/bindings/python: The configuration failed


# try again with -L$python_LIBPL (some systems don't install the python library in $prefix/lib)

------------------------------------------------------
Checking for library python2.7m in python_LIBPL
==>

int main(int argc, char **argv) {
	(void)argc; (void)argv;
	return 0;
}

<==
[1/2] Compiling [32mbuild/.conf_check_2f4606783b707c3d5260c6c49d3dd1c3/test.cpp[0m

['/usr/bin/g++', '-O0', '-ggdb', '-g3', '-Wall', '-Werror', '-std=c++11', '-fno-strict-aliasing', '-fwrapv', '-fstack-protector-strong', '-DNS3_BUILD_PROFILE_DEBUG', '-DNS3_ASSERT_ENABLE', '-DNS3_LOG_ENABLE', '-DPYTHONDIR="/usr/local/lib/python2.7/dist-packages"', '-DPYTHONARCHDIR="/usr/local/lib/python2.7/dist-packages"', '-DNDEBUG', '-D_FORTIFY_SOURCE=2', '../test.cpp', '-c', '-o', '/mnt/c/ns-allinone-3.27/ns-3.27/build/.conf_check_2f4606783b707c3d5260c6c49d3dd1c3/testbuild/test.cpp.1.o']
[2/2] Linking [33mbuild/.conf_check_2f4606783b707c3d5260c6c49d3dd1c3/testbuild/testprog[0m

['/usr/bin/g++', '-Wl,-Bsymbolic-functions', '-Wl,-z,relro', 'test.cpp.1.o', '-o', '/mnt/c/ns-allinone-3.27/ns-3.27/build/.conf_check_2f4606783b707c3d5260c6c49d3dd1c3/testbuild/testprog', '-Wl,-Bstatic', '-Wl,-Bdynamic', '-L/usr/lib/python2.7/config-x86_64-linux-gnu', '-lpython2.7m']
err: /usr/bin/ld: cannot find -lpython2.7m
collect2: error: ld returned 1 exit status

from /mnt/c/ns-allinone-3.27/ns-3.27/bindings/python: Test does not build: Traceback (most recent call last):
  File "/mnt/c/ns-allinone-3.27/ns-3.27/.waf-1.8.19-b1fc8f7baef51bd2db4c2971909a568d/waflib/Configure.py", line 335, in run_build
    bld.compile()
  File "/mnt/c/ns-allinone-3.27/ns-3.27/.waf-1.8.19-b1fc8f7baef51bd2db4c2971909a568d/waflib/Build.py", line 185, in compile
    raise Errors.BuildError(self.producer.error)
BuildError: Build failed
 -> task in 'testprog' failed (exit status 1): 
	{task 140080933123536: cxxprogram test.cpp.1.o -> testprog}
['/usr/bin/g++', '-Wl,-Bsymbolic-functions', '-Wl,-z,relro', 'test.cpp.1.o', '-o', '/mnt/c/ns-allinone-3.27/ns-3.27/build/.conf_check_2f4606783b707c3d5260c6c49d3dd1c3/testbuild/testprog', '-Wl,-Bstatic', '-Wl,-Bdynamic', '-L/usr/lib/python2.7/config-x86_64-linux-gnu', '-lpython2.7m']

not found
from /mnt/c/ns-allinone-3.27/ns-3.27/bindings/python: The configuration failed


# try again with -L$prefix/libs, and pythonXY name rather than pythonX.Y (win32)

------------------------------------------------------
Checking for library python2.7m in $prefix/libs
==>

int main(int argc, char **argv) {
	(void)argc; (void)argv;
	return 0;
}

<==
[1/2] Compiling [32mbuild/.conf_check_b621e7f3813ea68a28c78ae21f3dbdec/test.cpp[0m

['/usr/bin/g++', '-O0', '-ggdb', '-g3', '-Wall', '-Werror', '-std=c++11', '-fno-strict-aliasing', '-fwrapv', '-fstack-protector-strong', '-DNS3_BUILD_PROFILE_DEBUG', '-DNS3_ASSERT_ENABLE', '-DNS3_LOG_ENABLE', '-DPYTHONDIR="/usr/local/lib/python2.7/dist-packages"', '-DPYTHONARCHDIR="/usr/local/lib/python2.7/dist-packages"', '-DNDEBUG', '-D_FORTIFY_SOURCE=2', '../test.cpp', '-c', '-o', '/mnt/c/ns-allinone-3.27/ns-3.27/build/.conf_check_b621e7f3813ea68a28c78ae21f3dbdec/testbuild/test.cpp.1.o']
[2/2] Linking [33mbuild/.conf_check_b621e7f3813ea68a28c78ae21f3dbdec/testbuild/testprog[0m

['/usr/bin/g++', '-Wl,-Bsymbolic-functions', '-Wl,-z,relro', 'test.cpp.1.o', '-o', '/mnt/c/ns-allinone-3.27/ns-3.27/build/.conf_check_b621e7f3813ea68a28c78ae21f3dbdec/testbuild/testprog', '-Wl,-Bstatic', '-Wl,-Bdynamic', '-L/usr/libs', '-lpython2.7m']
err: /usr/bin/ld: cannot find -lpython2.7m
collect2: error: ld returned 1 exit status

from /mnt/c/ns-allinone-3.27/ns-3.27/bindings/python: Test does not build: Traceback (most recent call last):
  File "/mnt/c/ns-allinone-3.27/ns-3.27/.waf-1.8.19-b1fc8f7baef51bd2db4c2971909a568d/waflib/Configure.py", line 335, in run_build
    bld.compile()
  File "/mnt/c/ns-allinone-3.27/ns-3.27/.waf-1.8.19-b1fc8f7baef51bd2db4c2971909a568d/waflib/Build.py", line 185, in compile
    raise Errors.BuildError(self.producer.error)
BuildError: Build failed
 -> task in 'testprog' failed (exit status 1): 
	{task 140080933124624: cxxprogram test.cpp.1.o -> testprog}
['/usr/bin/g++', '-Wl,-Bsymbolic-functions', '-Wl,-z,relro', 'test.cpp.1.o', '-o', '/mnt/c/ns-allinone-3.27/ns-3.27/build/.conf_check_b621e7f3813ea68a28c78ae21f3dbdec/testbuild/testprog', '-Wl,-Bstatic', '-Wl,-Bdynamic', '-L/usr/libs', '-lpython2.7m']

not found
from /mnt/c/ns-allinone-3.27/ns-3.27/bindings/python: The configuration failed


# try again with -L$python_LIBDIR: ['/usr/lib']

------------------------------------------------------
Checking for library python27 in LIBDIR
==>

int main(int argc, char **argv) {
	(void)argc; (void)argv;
	return 0;
}

<==
[1/2] Compiling [32mbuild/.conf_check_3e07c3d454ab966662cd827b66557060/test.cpp[0m

['/usr/bin/g++', '-O0', '-ggdb', '-g3', '-Wall', '-Werror', '-std=c++11', '-fno-strict-aliasing', '-fwrapv', '-fstack-protector-strong', '-DNS3_BUILD_PROFILE_DEBUG', '-DNS3_ASSERT_ENABLE', '-DNS3_LOG_ENABLE', '-DPYTHONDIR="/usr/local/lib/python2.7/dist-packages"', '-DPYTHONARCHDIR="/usr/local/lib/python2.7/dist-packages"', '-DNDEBUG', '-D_FORTIFY_SOURCE=2', '../test.cpp', '-c', '-o', '/mnt/c/ns-allinone-3.27/ns-3.27/build/.conf_check_3e07c3d454ab966662cd827b66557060/testbuild/test.cpp.1.o']
[2/2] Linking [33mbuild/.conf_check_3e07c3d454ab966662cd827b66557060/testbuild/testprog[0m

['/usr/bin/g++', '-Wl,-Bsymbolic-functions', '-Wl,-z,relro', 'test.cpp.1.o', '-o', '/mnt/c/ns-allinone-3.27/ns-3.27/build/.conf_check_3e07c3d454ab966662cd827b66557060/testbuild/testprog', '-Wl,-Bstatic', '-Wl,-Bdynamic', '-L/usr/lib', '-lpython27']
err: /usr/bin/ld: cannot find -lpython27
collect2: error: ld returned 1 exit status

from /mnt/c/ns-allinone-3.27/ns-3.27/bindings/python: Test does not build: Traceback (most recent call last):
  File "/mnt/c/ns-allinone-3.27/ns-3.27/.waf-1.8.19-b1fc8f7baef51bd2db4c2971909a568d/waflib/Configure.py", line 335, in run_build
    bld.compile()
  File "/mnt/c/ns-allinone-3.27/ns-3.27/.waf-1.8.19-b1fc8f7baef51bd2db4c2971909a568d/waflib/Build.py", line 185, in compile
    raise Errors.BuildError(self.producer.error)
BuildError: Build failed
 -> task in 'testprog' failed (exit status 1): 
	{task 140080933027536: cxxprogram test.cpp.1.o -> testprog}
['/usr/bin/g++', '-Wl,-Bsymbolic-functions', '-Wl,-z,relro', 'test.cpp.1.o', '-o', '/mnt/c/ns-allinone-3.27/ns-3.27/build/.conf_check_3e07c3d454ab966662cd827b66557060/testbuild/testprog', '-Wl,-Bstatic', '-Wl,-Bdynamic', '-L/usr/lib', '-lpython27']

not found
from /mnt/c/ns-allinone-3.27/ns-3.27/bindings/python: The configuration failed


# try again with -L$python_LIBPL (some systems don't install the python library in $prefix/lib)

------------------------------------------------------
Checking for library python27 in python_LIBPL
==>

int main(int argc, char **argv) {
	(void)argc; (void)argv;
	return 0;
}

<==
[1/2] Compiling [32mbuild/.conf_check_22e14fd3526b5d2b9c51b1c992be2192/test.cpp[0m

['/usr/bin/g++', '-O0', '-ggdb', '-g3', '-Wall', '-Werror', '-std=c++11', '-fno-strict-aliasing', '-fwrapv', '-fstack-protector-strong', '-DNS3_BUILD_PROFILE_DEBUG', '-DNS3_ASSERT_ENABLE', '-DNS3_LOG_ENABLE', '-DPYTHONDIR="/usr/local/lib/python2.7/dist-packages"', '-DPYTHONARCHDIR="/usr/local/lib/python2.7/dist-packages"', '-DNDEBUG', '-D_FORTIFY_SOURCE=2', '../test.cpp', '-c', '-o', '/mnt/c/ns-allinone-3.27/ns-3.27/build/.conf_check_22e14fd3526b5d2b9c51b1c992be2192/testbuild/test.cpp.1.o']
[2/2] Linking [33mbuild/.conf_check_22e14fd3526b5d2b9c51b1c992be2192/testbuild/testprog[0m

['/usr/bin/g++', '-Wl,-Bsymbolic-functions', '-Wl,-z,relro', 'test.cpp.1.o', '-o', '/mnt/c/ns-allinone-3.27/ns-3.27/build/.conf_check_22e14fd3526b5d2b9c51b1c992be2192/testbuild/testprog', '-Wl,-Bstatic', '-Wl,-Bdynamic', '-L/usr/lib/python2.7/config-x86_64-linux-gnu', '-lpython27']
err: /usr/bin/ld: cannot find -lpython27
collect2: error: ld returned 1 exit status

from /mnt/c/ns-allinone-3.27/ns-3.27/bindings/python: Test does not build: Traceback (most recent call last):
  File "/mnt/c/ns-allinone-3.27/ns-3.27/.waf-1.8.19-b1fc8f7baef51bd2db4c2971909a568d/waflib/Configure.py", line 335, in run_build
    bld.compile()
  File "/mnt/c/ns-allinone-3.27/ns-3.27/.waf-1.8.19-b1fc8f7baef51bd2db4c2971909a568d/waflib/Build.py", line 185, in compile
    raise Errors.BuildError(self.producer.error)
BuildError: Build failed
 -> task in 'testprog' failed (exit status 1): 
	{task 140080933125136: cxxprogram test.cpp.1.o -> testprog}
['/usr/bin/g++', '-Wl,-Bsymbolic-functions', '-Wl,-z,relro', 'test.cpp.1.o', '-o', '/mnt/c/ns-allinone-3.27/ns-3.27/build/.conf_check_22e14fd3526b5d2b9c51b1c992be2192/testbuild/testprog', '-Wl,-Bstatic', '-Wl,-Bdynamic', '-L/usr/lib/python2.7/config-x86_64-linux-gnu', '-lpython27']

not found
from /mnt/c/ns-allinone-3.27/ns-3.27/bindings/python: The configuration failed


# try again with -L$prefix/libs, and pythonXY name rather than pythonX.Y (win32)

------------------------------------------------------
Checking for library python27 in $prefix/libs
==>

int main(int argc, char **argv) {
	(void)argc; (void)argv;
	return 0;
}

<==
[1/2] Compiling [32mbuild/.conf_check_36323a9a514fc775f77e869bf84d21a0/test.cpp[0m

['/usr/bin/g++', '-O0', '-ggdb', '-g3', '-Wall', '-Werror', '-std=c++11', '-fno-strict-aliasing', '-fwrapv', '-fstack-protector-strong', '-DNS3_BUILD_PROFILE_DEBUG', '-DNS3_ASSERT_ENABLE', '-DNS3_LOG_ENABLE', '-DPYTHONDIR="/usr/local/lib/python2.7/dist-packages"', '-DPYTHONARCHDIR="/usr/local/lib/python2.7/dist-packages"', '-DNDEBUG', '-D_FORTIFY_SOURCE=2', '../test.cpp', '-c', '-o', '/mnt/c/ns-allinone-3.27/ns-3.27/build/.conf_check_36323a9a514fc775f77e869bf84d21a0/testbuild/test.cpp.1.o']
[2/2] Linking [33mbuild/.conf_check_36323a9a514fc775f77e869bf84d21a0/testbuild/testprog[0m

['/usr/bin/g++', '-Wl,-Bsymbolic-functions', '-Wl,-z,relro', 'test.cpp.1.o', '-o', '/mnt/c/ns-allinone-3.27/ns-3.27/build/.conf_check_36323a9a514fc775f77e869bf84d21a0/testbuild/testprog', '-Wl,-Bstatic', '-Wl,-Bdynamic', '-L/usr/libs', '-lpython27']
err: /usr/bin/ld: cannot find -lpython27
collect2: error: ld returned 1 exit status

from /mnt/c/ns-allinone-3.27/ns-3.27/bindings/python: Test does not build: Traceback (most recent call last):
  File "/mnt/c/ns-allinone-3.27/ns-3.27/.waf-1.8.19-b1fc8f7baef51bd2db4c2971909a568d/waflib/Configure.py", line 335, in run_build
    bld.compile()
  File "/mnt/c/ns-allinone-3.27/ns-3.27/.waf-1.8.19-b1fc8f7baef51bd2db4c2971909a568d/waflib/Build.py", line 185, in compile
    raise Errors.BuildError(self.producer.error)
BuildError: Build failed
 -> task in 'testprog' failed (exit status 1): 
	{task 140080933123216: cxxprogram test.cpp.1.o -> testprog}
['/usr/bin/g++', '-Wl,-Bsymbolic-functions', '-Wl,-z,relro', 'test.cpp.1.o', '-o', '/mnt/c/ns-allinone-3.27/ns-3.27/build/.conf_check_36323a9a514fc775f77e869bf84d21a0/testbuild/testprog', '-Wl,-Bstatic', '-Wl,-Bdynamic', '-L/usr/libs', '-lpython27']

not found
from /mnt/c/ns-allinone-3.27/ns-3.27/bindings/python: The configuration failed


### LIB NOT FOUND

Include path for Python extensions (found via distutils module): '/usr/include/python2.7'

------------------------------------------------------
Checking for header Python.h
==>

#include <Python.h>
#ifdef __cplusplus
extern "C" {
#endif
	void Py_Initialize(void);
	void Py_Finalize(void);
#ifdef __cplusplus
}
#endif
int main(int argc, char **argv)
{
   (void)argc; (void)argv;
   Py_Initialize();
   Py_Finalize();
   return 0;
}

<==
[1/2] Compiling [32mbuild/.conf_check_981c135bca31bd4bf1f4df7e6f99a9f3/test.cpp[0m

['/usr/bin/g++', '-O0', '-ggdb', '-g3', '-Wall', '-Werror', '-std=c++11', '-fno-strict-aliasing', '-fwrapv', '-fstack-protector-strong', '-fno-strict-aliasing', '-I/usr/include/python2.7', '-DNS3_BUILD_PROFILE_DEBUG', '-DNS3_ASSERT_ENABLE', '-DNS3_LOG_ENABLE', '-DPYTHONDIR="/usr/local/lib/python2.7/dist-packages"', '-DPYTHONARCHDIR="/usr/local/lib/python2.7/dist-packages"', '-DNDEBUG', '-D_FORTIFY_SOURCE=2', '../test.cpp', '-c', '-o', '/mnt/c/ns-allinone-3.27/ns-3.27/build/.conf_check_981c135bca31bd4bf1f4df7e6f99a9f3/testbuild/test.cpp.1.o']
err: ../test.cpp:2:20: fatal error: Python.h: No such file or directory
compilation terminated.

from /mnt/c/ns-allinone-3.27/ns-3.27/bindings/python: Test does not build: Traceback (most recent call last):
  File "/mnt/c/ns-allinone-3.27/ns-3.27/.waf-1.8.19-b1fc8f7baef51bd2db4c2971909a568d/waflib/Configure.py", line 335, in run_build
    bld.compile()
  File "/mnt/c/ns-allinone-3.27/ns-3.27/.waf-1.8.19-b1fc8f7baef51bd2db4c2971909a568d/waflib/Build.py", line 185, in compile
    raise Errors.BuildError(self.producer.error)
BuildError: Build failed
 -> task in 'testprog' failed (exit status 1): 
	{task 140080933125520: cxx test.cpp -> test.cpp.1.o}
['/usr/bin/g++', '-O0', '-ggdb', '-g3', '-Wall', '-Werror', '-std=c++11', '-fno-strict-aliasing', '-fwrapv', '-fstack-protector-strong', '-fno-strict-aliasing', '-I/usr/include/python2.7', '-DNS3_BUILD_PROFILE_DEBUG', '-DNS3_ASSERT_ENABLE', '-DNS3_LOG_ENABLE', '-DPYTHONDIR="/usr/local/lib/python2.7/dist-packages"', '-DPYTHONARCHDIR="/usr/local/lib/python2.7/dist-packages"', '-DNDEBUG', '-D_FORTIFY_SOURCE=2', '../test.cpp', '-c', '-o', '/mnt/c/ns-allinone-3.27/ns-3.27/build/.conf_check_981c135bca31bd4bf1f4df7e6f99a9f3/testbuild/test.cpp.1.o']

Distutils not installed? Broken python installation? Get python-config now!
from /mnt/c/ns-allinone-3.27/ns-3.27/bindings/python: The configuration failed
------------------------------------------------------
Checking boost includes
headers not found, please provide a --boost-includes argument (see help)
from /mnt/c/ns-allinone-3.27/ns-3.27/src: The configuration failed
------------------------------------------------------
Checking boost includes
headers not found, please provide a --boost-includes argument (see help)
from /mnt/c/ns-allinone-3.27/ns-3.27/src: The configuration failed
------------------------------------------------------
Checking for click location
not found
------------------------------------------------------
Checking for program 'pkg-config'
not found
find program=['pkg-config'] paths=['/home/gerudoking/bin', '/home/gerudoking/.local/bin', '/usr/local/sbin', '/usr/local/bin', '/usr/sbin', '/usr/bin', '/sbin', '/bin', '/usr/games', '/usr/local/games', '/mnt/d/Haskell Platform/8.0.2/lib/extralibs/bin', '/mnt/d/Haskell Platform/8.0.2/bin', '/mnt/c/ProgramData/Oracle/Java/javapath', '/mnt/c/Windows/System32', '/mnt/c/Windows', '/mnt/c/Windows/System32/wbem', '/mnt/c/Windows/System32/WindowsPowerShell/v1.0', '/mnt/c/MinGW/bin', '/mnt/c/Program Files (x86)/NVIDIA Corporation/PhysX/Common', '/mnt/c/Program Files/Microsoft DNX/Dnvm', '/mnt/c/Windows/System32', '/mnt/c/Windows', '/mnt/c/Windows/System32/wbem', '/mnt/c/Windows/System32/WindowsPowerShell/v1.0', '/mnt/c/Program Files/Git/cmd', '/mnt/d/Downloads 3/apache-maven-3.3.9-bin/apache-maven-3.3.9/bin', '/mnt/d/Downloads 3/commons-logging-1.2-bin/commons-logging-1.2', '/mnt/c/Javalib', '/mnt/c/Program Files/Java/jdk1.8.0_101/bin', '/mnt/c/TDM-GCC-64/bin', '/mnt/c/Program Files (x86)/Skype/Phone', '/mnt/d/Downloads 3/dos2unix-7.3.4-win32/bin', '/mnt/c/Program Files (x86)/GnuWin32/bin', '/mnt/c/SDL-2.0.5/bin', '/mnt/d/Haskell Platform/8.0.2/mingw/bin', '/mnt/c/Program Files/MySQL/MySQL Utilities 1.6', '/mnt/c/Program Files (x86)/GtkSharp/2.12/bin', '/mnt/c/Ruby24-x64/bin', '/mnt/c/Users/Eduardo/AppData/Roaming/local/bin', '/mnt/c/Users/Eduardo/AppData/Local/Programs/Python/Python35-32/Scripts', '/mnt/c/Users/Eduardo/AppData/Local/Programs/Python/Python35-32', '/mnt/c/Users/Eduardo/AppData/Local/Microsoft/WindowsApps', '/snap/bin'] var='PKGCONFIG' -> None
from /mnt/c/ns-allinone-3.27/ns-3.27/src/config-store: Could not find the program ['pkg-config']
------------------------------------------------------
Checking for program 'pkg-config'
not found
find program=['pkg-config'] paths=['/home/gerudoking/bin', '/home/gerudoking/.local/bin', '/usr/local/sbin', '/usr/local/bin', '/usr/sbin', '/usr/bin', '/sbin', '/bin', '/usr/games', '/usr/local/games', '/mnt/d/Haskell Platform/8.0.2/lib/extralibs/bin', '/mnt/d/Haskell Platform/8.0.2/bin', '/mnt/c/ProgramData/Oracle/Java/javapath', '/mnt/c/Windows/System32', '/mnt/c/Windows', '/mnt/c/Windows/System32/wbem', '/mnt/c/Windows/System32/WindowsPowerShell/v1.0', '/mnt/c/MinGW/bin', '/mnt/c/Program Files (x86)/NVIDIA Corporation/PhysX/Common', '/mnt/c/Program Files/Microsoft DNX/Dnvm', '/mnt/c/Windows/System32', '/mnt/c/Windows', '/mnt/c/Windows/System32/wbem', '/mnt/c/Windows/System32/WindowsPowerShell/v1.0', '/mnt/c/Program Files/Git/cmd', '/mnt/d/Downloads 3/apache-maven-3.3.9-bin/apache-maven-3.3.9/bin', '/mnt/d/Downloads 3/commons-logging-1.2-bin/commons-logging-1.2', '/mnt/c/Javalib', '/mnt/c/Program Files/Java/jdk1.8.0_101/bin', '/mnt/c/TDM-GCC-64/bin', '/mnt/c/Program Files (x86)/Skype/Phone', '/mnt/d/Downloads 3/dos2unix-7.3.4-win32/bin', '/mnt/c/Program Files (x86)/GnuWin32/bin', '/mnt/c/SDL-2.0.5/bin', '/mnt/d/Haskell Platform/8.0.2/mingw/bin', '/mnt/c/Program Files/MySQL/MySQL Utilities 1.6', '/mnt/c/Program Files (x86)/GtkSharp/2.12/bin', '/mnt/c/Ruby24-x64/bin', '/mnt/c/Users/Eduardo/AppData/Roaming/local/bin', '/mnt/c/Users/Eduardo/AppData/Local/Programs/Python/Python35-32/Scripts', '/mnt/c/Users/Eduardo/AppData/Local/Programs/Python/Python35-32', '/mnt/c/Users/Eduardo/AppData/Local/Microsoft/WindowsApps', '/snap/bin'] var='PKGCONFIG' -> None
from /mnt/c/ns-allinone-3.27/ns-3.27/src/config-store: Could not find the program ['pkg-config']
------------------------------------------------------
Checking for type uint128_t
==>
#include <stdint.h>

int main(int argc, char **argv) {
	(void)argc; (void)argv;
	if ((uint128_t *) 0) return 0;
	if (sizeof (uint128_t)) return 0;
	return 1;
}

<==
[1/2] Compiling [32mbuild/.conf_check_d2abb84d898775820fe8f9cb9aeff5cc/test.cpp[0m

['/usr/bin/g++', '-O0', '-ggdb', '-g3', '-Wall', '-Werror', '-std=c++11', '-DNS3_BUILD_PROFILE_DEBUG', '-DNS3_ASSERT_ENABLE', '-DNS3_LOG_ENABLE', '../test.cpp', '-c', '-o', '/mnt/c/ns-allinone-3.27/ns-3.27/build/.conf_check_d2abb84d898775820fe8f9cb9aeff5cc/testbuild/test.cpp.1.o']
err: ../test.cpp: In function ‘int main(int, char**)’:
../test.cpp:5:7: error: ‘uint128_t’ was not declared in this scope
  if ((uint128_t *) 0) return 0;
       ^
../test.cpp:5:18: error: expected primary-expression before ‘)’ token
  if ((uint128_t *) 0) return 0;
                  ^
../test.cpp:5:20: error: expected ‘)’ before numeric constant
  if ((uint128_t *) 0) return 0;
                    ^
../test.cpp:6:14: error: ‘uint128_t’ was not declared in this scope
  if (sizeof (uint128_t)) return 0;
              ^

from /mnt/c/ns-allinone-3.27/ns-3.27/src/core: Test does not build: Traceback (most recent call last):
  File "/mnt/c/ns-allinone-3.27/ns-3.27/.waf-1.8.19-b1fc8f7baef51bd2db4c2971909a568d/waflib/Configure.py", line 335, in run_build
    bld.compile()
  File "/mnt/c/ns-allinone-3.27/ns-3.27/.waf-1.8.19-b1fc8f7baef51bd2db4c2971909a568d/waflib/Build.py", line 185, in compile
    raise Errors.BuildError(self.producer.error)
BuildError: Build failed
 -> task in 'testprog' failed (exit status 1): 
	{task 140080932728656: cxx test.cpp -> test.cpp.1.o}
['/usr/bin/g++', '-O0', '-ggdb', '-g3', '-Wall', '-Werror', '-std=c++11', '-DNS3_BUILD_PROFILE_DEBUG', '-DNS3_ASSERT_ENABLE', '-DNS3_LOG_ENABLE', '../test.cpp', '-c', '-o', '/mnt/c/ns-allinone-3.27/ns-3.27/build/.conf_check_d2abb84d898775820fe8f9cb9aeff5cc/testbuild/test.cpp.1.o']

not found
from /mnt/c/ns-allinone-3.27/ns-3.27/src/core: The configuration failed
------------------------------------------------------
Checking for type __uint128_t
==>
#include <stdint.h>

int main(int argc, char **argv) {
	(void)argc; (void)argv;
	if ((__uint128_t *) 0) return 0;
	if (sizeof (__uint128_t)) return 0;
	return 1;
}

<==
[1/2] Compiling [32mbuild/.conf_check_6d192c391d6e811fb8f766c10a6dd537/test.cpp[0m

['/usr/bin/g++', '-O0', '-ggdb', '-g3', '-Wall', '-Werror', '-std=c++11', '-DNS3_BUILD_PROFILE_DEBUG', '-DNS3_ASSERT_ENABLE', '-DNS3_LOG_ENABLE', '../test.cpp', '-c', '-o', '/mnt/c/ns-allinone-3.27/ns-3.27/build/.conf_check_6d192c391d6e811fb8f766c10a6dd537/testbuild/test.cpp.1.o']
[2/2] Linking [33mbuild/.conf_check_6d192c391d6e811fb8f766c10a6dd537/testbuild/testprog[0m

['/usr/bin/g++', 'test.cpp.1.o', '-o', '/mnt/c/ns-allinone-3.27/ns-3.27/build/.conf_check_6d192c391d6e811fb8f766c10a6dd537/testbuild/testprog', '-Wl,-Bstatic', '-Wl,-Bdynamic']
yes
------------------------------------------------------
Checking high precision implementation
128-bit integer (default)
------------------------------------------------------
Checking for header stdint.h
==>
#include <stdint.h>

int main(int argc, char **argv) {
	(void)argc; (void)argv;
	return 0;
}

<==
[1/2] Compiling [32mbuild/.conf_check_0645fdd26384f7445b300034f5423a23/test.cpp[0m

['/usr/bin/g++', '-O0', '-ggdb', '-g3', '-Wall', '-Werror', '-std=c++11', '-DNS3_BUILD_PROFILE_DEBUG', '-DNS3_ASSERT_ENABLE', '-DNS3_LOG_ENABLE', '-DHAVE___UINT128_T=1', '-DINT64X64_USE_128=1', '../test.cpp', '-c', '-o', '/mnt/c/ns-allinone-3.27/ns-3.27/build/.conf_check_0645fdd26384f7445b300034f5423a23/testbuild/test.cpp.1.o']
[2/2] Linking [33mbuild/.conf_check_0645fdd26384f7445b300034f5423a23/testbuild/testprog[0m

['/usr/bin/g++', 'test.cpp.1.o', '-o', '/mnt/c/ns-allinone-3.27/ns-3.27/build/.conf_check_0645fdd26384f7445b300034f5423a23/testbuild/testprog', '-Wl,-Bstatic', '-Wl,-Bdynamic']
yes
------------------------------------------------------
Checking for header inttypes.h
==>
#include <inttypes.h>

int main(int argc, char **argv) {
	(void)argc; (void)argv;
	return 0;
}

<==
[1/2] Compiling [32mbuild/.conf_check_c66cef07ea63170322f0a9bb702b6c2e/test.cpp[0m

['/usr/bin/g++', '-O0', '-ggdb', '-g3', '-Wall', '-Werror', '-std=c++11', '-DNS3_BUILD_PROFILE_DEBUG', '-DNS3_ASSERT_ENABLE', '-DNS3_LOG_ENABLE', '-DHAVE___UINT128_T=1', '-DINT64X64_USE_128=1', '-DHAVE_STDINT_H=1', '../test.cpp', '-c', '-o', '/mnt/c/ns-allinone-3.27/ns-3.27/build/.conf_check_c66cef07ea63170322f0a9bb702b6c2e/testbuild/test.cpp.1.o']
[2/2] Linking [33mbuild/.conf_check_c66cef07ea63170322f0a9bb702b6c2e/testbuild/testprog[0m

['/usr/bin/g++', 'test.cpp.1.o', '-o', '/mnt/c/ns-allinone-3.27/ns-3.27/build/.conf_check_c66cef07ea63170322f0a9bb702b6c2e/testbuild/testprog', '-Wl,-Bstatic', '-Wl,-Bdynamic']
yes
------------------------------------------------------
Checking for header sys/inttypes.h
==>
#include <sys/inttypes.h>

int main(int argc, char **argv) {
	(void)argc; (void)argv;
	return 0;
}

<==
[1/2] Compiling [32mbuild/.conf_check_69ffa641f55d88b94e18fa5ce6ab1112/test.cpp[0m

['/usr/bin/g++', '-O0', '-ggdb', '-g3', '-Wall', '-Werror', '-std=c++11', '-DNS3_BUILD_PROFILE_DEBUG', '-DNS3_ASSERT_ENABLE', '-DNS3_LOG_ENABLE', '-DHAVE___UINT128_T=1', '-DINT64X64_USE_128=1', '-DHAVE_STDINT_H=1', '-DHAVE_INTTYPES_H=1', '../test.cpp', '-c', '-o', '/mnt/c/ns-allinone-3.27/ns-3.27/build/.conf_check_69ffa641f55d88b94e18fa5ce6ab1112/testbuild/test.cpp.1.o']
err: ../test.cpp:1:26: fatal error: sys/inttypes.h: No such file or directory
compilation terminated.

from /mnt/c/ns-allinone-3.27/ns-3.27/src/core: Test does not build: Traceback (most recent call last):
  File "/mnt/c/ns-allinone-3.27/ns-3.27/.waf-1.8.19-b1fc8f7baef51bd2db4c2971909a568d/waflib/Configure.py", line 335, in run_build
    bld.compile()
  File "/mnt/c/ns-allinone-3.27/ns-3.27/.waf-1.8.19-b1fc8f7baef51bd2db4c2971909a568d/waflib/Build.py", line 185, in compile
    raise Errors.BuildError(self.producer.error)
BuildError: Build failed
 -> task in 'testprog' failed (exit status 1): 
	{task 140080932827216: cxx test.cpp -> test.cpp.1.o}
['/usr/bin/g++', '-O0', '-ggdb', '-g3', '-Wall', '-Werror', '-std=c++11', '-DNS3_BUILD_PROFILE_DEBUG', '-DNS3_ASSERT_ENABLE', '-DNS3_LOG_ENABLE', '-DHAVE___UINT128_T=1', '-DINT64X64_USE_128=1', '-DHAVE_STDINT_H=1', '-DHAVE_INTTYPES_H=1', '../test.cpp', '-c', '-o', '/mnt/c/ns-allinone-3.27/ns-3.27/build/.conf_check_69ffa641f55d88b94e18fa5ce6ab1112/testbuild/test.cpp.1.o']

not found
from /mnt/c/ns-allinone-3.27/ns-3.27/src/core: The configuration failed
------------------------------------------------------
Checking for header sys/types.h
==>
#include <sys/types.h>

int main(int argc, char **argv) {
	(void)argc; (void)argv;
	return 0;
}

<==
[1/2] Compiling [32mbuild/.conf_check_b3ce63943ae2068ab528ceee00325859/test.cpp[0m

['/usr/bin/g++', '-O0', '-ggdb', '-g3', '-Wall', '-Werror', '-std=c++11', '-DNS3_BUILD_PROFILE_DEBUG', '-DNS3_ASSERT_ENABLE', '-DNS3_LOG_ENABLE', '-DHAVE___UINT128_T=1', '-DINT64X64_USE_128=1', '-DHAVE_STDINT_H=1', '-DHAVE_INTTYPES_H=1', '../test.cpp', '-c', '-o', '/mnt/c/ns-allinone-3.27/ns-3.27/build/.conf_check_b3ce63943ae2068ab528ceee00325859/testbuild/test.cpp.1.o']
[2/2] Linking [33mbuild/.conf_check_b3ce63943ae2068ab528ceee00325859/testbuild/testprog[0m

['/usr/bin/g++', 'test.cpp.1.o', '-o', '/mnt/c/ns-allinone-3.27/ns-3.27/build/.conf_check_b3ce63943ae2068ab528ceee00325859/testbuild/testprog', '-Wl,-Bstatic', '-Wl,-Bdynamic']
yes
------------------------------------------------------
Checking for header sys/stat.h
==>
#include <sys/stat.h>

int main(int argc, char **argv) {
	(void)argc; (void)argv;
	return 0;
}

<==
[1/2] Compiling [32mbuild/.conf_check_bdbfcb733faa91a586fc735401edf41f/test.cpp[0m

['/usr/bin/g++', '-O0', '-ggdb', '-g3', '-Wall', '-Werror', '-std=c++11', '-DNS3_BUILD_PROFILE_DEBUG', '-DNS3_ASSERT_ENABLE', '-DNS3_LOG_ENABLE', '-DHAVE___UINT128_T=1', '-DINT64X64_USE_128=1', '-DHAVE_STDINT_H=1', '-DHAVE_INTTYPES_H=1', '-DHAVE_SYS_TYPES_H=1', '../test.cpp', '-c', '-o', '/mnt/c/ns-allinone-3.27/ns-3.27/build/.conf_check_bdbfcb733faa91a586fc735401edf41f/testbuild/test.cpp.1.o']
[2/2] Linking [33mbuild/.conf_check_bdbfcb733faa91a586fc735401edf41f/testbuild/testprog[0m

['/usr/bin/g++', 'test.cpp.1.o', '-o', '/mnt/c/ns-allinone-3.27/ns-3.27/build/.conf_check_bdbfcb733faa91a586fc735401edf41f/testbuild/testprog', '-Wl,-Bstatic', '-Wl,-Bdynamic']
yes
------------------------------------------------------
Checking for header dirent.h
==>
#include <dirent.h>

int main(int argc, char **argv) {
	(void)argc; (void)argv;
	return 0;
}

<==
[1/2] Compiling [32mbuild/.conf_check_ff36939a3ce58e4daf2dd49dff46aa39/test.cpp[0m

['/usr/bin/g++', '-O0', '-ggdb', '-g3', '-Wall', '-Werror', '-std=c++11', '-DNS3_BUILD_PROFILE_DEBUG', '-DNS3_ASSERT_ENABLE', '-DNS3_LOG_ENABLE', '-DHAVE___UINT128_T=1', '-DINT64X64_USE_128=1', '-DHAVE_STDINT_H=1', '-DHAVE_INTTYPES_H=1', '-DHAVE_SYS_TYPES_H=1', '-DHAVE_SYS_STAT_H=1', '../test.cpp', '-c', '-o', '/mnt/c/ns-allinone-3.27/ns-3.27/build/.conf_check_ff36939a3ce58e4daf2dd49dff46aa39/testbuild/test.cpp.1.o']
[2/2] Linking [33mbuild/.conf_check_ff36939a3ce58e4daf2dd49dff46aa39/testbuild/testprog[0m

['/usr/bin/g++', 'test.cpp.1.o', '-o', '/mnt/c/ns-allinone-3.27/ns-3.27/build/.conf_check_ff36939a3ce58e4daf2dd49dff46aa39/testbuild/testprog', '-Wl,-Bstatic', '-Wl,-Bdynamic']
yes
------------------------------------------------------
Checking for header stdlib.h
==>
#include <stdlib.h>

int main(int argc, char **argv) {
	(void)argc; (void)argv;
	return 0;
}

<==
[1/2] Compiling [32mbuild/.conf_check_54abfa2432503c94ca80e4fd438dedcc/test.cpp[0m

['/usr/bin/g++', '-O0', '-ggdb', '-g3', '-Wall', '-Werror', '-std=c++11', '-DNS3_BUILD_PROFILE_DEBUG', '-DNS3_ASSERT_ENABLE', '-DNS3_LOG_ENABLE', '-DHAVE___UINT128_T=1', '-DINT64X64_USE_128=1', '-DHAVE_STDINT_H=1', '-DHAVE_INTTYPES_H=1', '-DHAVE_SYS_TYPES_H=1', '-DHAVE_SYS_STAT_H=1', '-DHAVE_DIRENT_H=1', '../test.cpp', '-c', '-o', '/mnt/c/ns-allinone-3.27/ns-3.27/build/.conf_check_54abfa2432503c94ca80e4fd438dedcc/testbuild/test.cpp.1.o']
[2/2] Linking [33mbuild/.conf_check_54abfa2432503c94ca80e4fd438dedcc/testbuild/testprog[0m

['/usr/bin/g++', 'test.cpp.1.o', '-o', '/mnt/c/ns-allinone-3.27/ns-3.27/build/.conf_check_54abfa2432503c94ca80e4fd438dedcc/testbuild/testprog', '-Wl,-Bstatic', '-Wl,-Bdynamic']
yes
------------------------------------------------------
Checking for header signal.h
==>
#include <signal.h>

int main(int argc, char **argv) {
	(void)argc; (void)argv;
	return 0;
}

<==
[1/2] Compiling [32mbuild/.conf_check_cd9fcf10412ddedee3b2ae40f88de156/test.cpp[0m

['/usr/bin/g++', '-O0', '-ggdb', '-g3', '-Wall', '-Werror', '-std=c++11', '-DNS3_BUILD_PROFILE_DEBUG', '-DNS3_ASSERT_ENABLE', '-DNS3_LOG_ENABLE', '-DHAVE___UINT128_T=1', '-DINT64X64_USE_128=1', '-DHAVE_STDINT_H=1', '-DHAVE_INTTYPES_H=1', '-DHAVE_SYS_TYPES_H=1', '-DHAVE_SYS_STAT_H=1', '-DHAVE_DIRENT_H=1', '-DHAVE_STDLIB_H=1', '-DHAVE_GETENV=1', '../test.cpp', '-c', '-o', '/mnt/c/ns-allinone-3.27/ns-3.27/build/.conf_check_cd9fcf10412ddedee3b2ae40f88de156/testbuild/test.cpp.1.o']
[2/2] Linking [33mbuild/.conf_check_cd9fcf10412ddedee3b2ae40f88de156/testbuild/testprog[0m

['/usr/bin/g++', 'test.cpp.1.o', '-o', '/mnt/c/ns-allinone-3.27/ns-3.27/build/.conf_check_cd9fcf10412ddedee3b2ae40f88de156/testbuild/testprog', '-Wl,-Bstatic', '-Wl,-Bdynamic']
yes
------------------------------------------------------
Checking for header pthread.h
==>

#include <pthread.h>
int main ()
{
   pthread_mutex_t m;
   pthread_mutex_init (&m, NULL);
   return 0;
}

<==
[1/2] Compiling [32mbuild/.conf_check_6b5c5ed8093e43cd3ecdd3d7cddf7da1/test.cpp[0m

['/usr/bin/g++', '-O0', '-ggdb', '-g3', '-Wall', '-Werror', '-std=c++11', '-pthread', '-DNS3_BUILD_PROFILE_DEBUG', '-DNS3_ASSERT_ENABLE', '-DNS3_LOG_ENABLE', '-DHAVE___UINT128_T=1', '-DINT64X64_USE_128=1', '-DHAVE_STDINT_H=1', '-DHAVE_INTTYPES_H=1', '-DHAVE_SYS_TYPES_H=1', '-DHAVE_SYS_STAT_H=1', '-DHAVE_DIRENT_H=1', '-DHAVE_STDLIB_H=1', '-DHAVE_GETENV=1', '-DHAVE_SIGNAL_H=1', '../test.cpp', '-c', '-o', '/mnt/c/ns-allinone-3.27/ns-3.27/build/.conf_check_6b5c5ed8093e43cd3ecdd3d7cddf7da1/testbuild/test.cpp.1.o']
[2/2] Linking [33mbuild/.conf_check_6b5c5ed8093e43cd3ecdd3d7cddf7da1/testbuild/testprog[0m

['/usr/bin/g++', '-pthread', 'test.cpp.1.o', '-o', '/mnt/c/ns-allinone-3.27/ns-3.27/build/.conf_check_6b5c5ed8093e43cd3ecdd3d7cddf7da1/testbuild/testprog', '-Wl,-Bstatic', '-Wl,-Bdynamic']
yes
------------------------------------------------------
Checking for header stdint.h
==>
#include <stdint.h>

int main(int argc, char **argv) {
	(void)argc; (void)argv;
	return 0;
}

<==
[1/2] Compiling [32mbuild/.conf_check_0645fdd26384f7445b300034f5423a23/test.cpp[0m

['/usr/bin/g++', '-O0', '-ggdb', '-g3', '-Wall', '-Werror', '-std=c++11', '-DNS3_BUILD_PROFILE_DEBUG', '-DNS3_ASSERT_ENABLE', '-DNS3_LOG_ENABLE', '-DHAVE___UINT128_T=1', '-DINT64X64_USE_128=1', '-DHAVE_INTTYPES_H=1', '-DHAVE_SYS_TYPES_H=1', '-DHAVE_SYS_STAT_H=1', '-DHAVE_DIRENT_H=1', '-DHAVE_STDLIB_H=1', '-DHAVE_GETENV=1', '-DHAVE_SIGNAL_H=1', '-DHAVE_PTHREAD_H=1', '../test.cpp', '-c', '-o', '/mnt/c/ns-allinone-3.27/ns-3.27/build/.conf_check_0645fdd26384f7445b300034f5423a23/testbuild/test.cpp.1.o']
[2/2] Linking [33mbuild/.conf_check_0645fdd26384f7445b300034f5423a23/testbuild/testprog[0m

['/usr/bin/g++', 'test.cpp.1.o', '-o', '/mnt/c/ns-allinone-3.27/ns-3.27/build/.conf_check_0645fdd26384f7445b300034f5423a23/testbuild/testprog', '-Wl,-Bstatic', '-Wl,-Bdynamic']
yes
------------------------------------------------------
Checking for header inttypes.h
==>
#include <inttypes.h>

int main(int argc, char **argv) {
	(void)argc; (void)argv;
	return 0;
}

<==
[1/2] Compiling [32mbuild/.conf_check_c66cef07ea63170322f0a9bb702b6c2e/test.cpp[0m

['/usr/bin/g++', '-O0', '-ggdb', '-g3', '-Wall', '-Werror', '-std=c++11', '-DNS3_BUILD_PROFILE_DEBUG', '-DNS3_ASSERT_ENABLE', '-DNS3_LOG_ENABLE', '-DHAVE___UINT128_T=1', '-DINT64X64_USE_128=1', '-DHAVE_SYS_TYPES_H=1', '-DHAVE_SYS_STAT_H=1', '-DHAVE_DIRENT_H=1', '-DHAVE_STDLIB_H=1', '-DHAVE_GETENV=1', '-DHAVE_SIGNAL_H=1', '-DHAVE_PTHREAD_H=1', '-DHAVE_STDINT_H=1', '../test.cpp', '-c', '-o', '/mnt/c/ns-allinone-3.27/ns-3.27/build/.conf_check_c66cef07ea63170322f0a9bb702b6c2e/testbuild/test.cpp.1.o']
[2/2] Linking [33mbuild/.conf_check_c66cef07ea63170322f0a9bb702b6c2e/testbuild/testprog[0m

['/usr/bin/g++', 'test.cpp.1.o', '-o', '/mnt/c/ns-allinone-3.27/ns-3.27/build/.conf_check_c66cef07ea63170322f0a9bb702b6c2e/testbuild/testprog', '-Wl,-Bstatic', '-Wl,-Bdynamic']
yes
------------------------------------------------------
Checking for header sys/inttypes.h
==>
#include <sys/inttypes.h>

int main(int argc, char **argv) {
	(void)argc; (void)argv;
	return 0;
}

<==
[1/2] Compiling [32mbuild/.conf_check_69ffa641f55d88b94e18fa5ce6ab1112/test.cpp[0m

['/usr/bin/g++', '-O0', '-ggdb', '-g3', '-Wall', '-Werror', '-std=c++11', '-DNS3_BUILD_PROFILE_DEBUG', '-DNS3_ASSERT_ENABLE', '-DNS3_LOG_ENABLE', '-DHAVE___UINT128_T=1', '-DINT64X64_USE_128=1', '-DHAVE_SYS_TYPES_H=1', '-DHAVE_SYS_STAT_H=1', '-DHAVE_DIRENT_H=1', '-DHAVE_STDLIB_H=1', '-DHAVE_GETENV=1', '-DHAVE_SIGNAL_H=1', '-DHAVE_PTHREAD_H=1', '-DHAVE_STDINT_H=1', '-DHAVE_INTTYPES_H=1', '../test.cpp', '-c', '-o', '/mnt/c/ns-allinone-3.27/ns-3.27/build/.conf_check_69ffa641f55d88b94e18fa5ce6ab1112/testbuild/test.cpp.1.o']
err: ../test.cpp:1:26: fatal error: sys/inttypes.h: No such file or directory
compilation terminated.

from /mnt/c/ns-allinone-3.27/ns-3.27/src/core: Test does not build: Traceback (most recent call last):
  File "/mnt/c/ns-allinone-3.27/ns-3.27/.waf-1.8.19-b1fc8f7baef51bd2db4c2971909a568d/waflib/Configure.py", line 335, in run_build
    bld.compile()
  File "/mnt/c/ns-allinone-3.27/ns-3.27/.waf-1.8.19-b1fc8f7baef51bd2db4c2971909a568d/waflib/Build.py", line 185, in compile
    raise Errors.BuildError(self.producer.error)
BuildError: Build failed
 -> task in 'testprog' failed (exit status 1): 
	{task 140080932719120: cxx test.cpp -> test.cpp.1.o}
['/usr/bin/g++', '-O0', '-ggdb', '-g3', '-Wall', '-Werror', '-std=c++11', '-DNS3_BUILD_PROFILE_DEBUG', '-DNS3_ASSERT_ENABLE', '-DNS3_LOG_ENABLE', '-DHAVE___UINT128_T=1', '-DINT64X64_USE_128=1', '-DHAVE_SYS_TYPES_H=1', '-DHAVE_SYS_STAT_H=1', '-DHAVE_DIRENT_H=1', '-DHAVE_STDLIB_H=1', '-DHAVE_GETENV=1', '-DHAVE_SIGNAL_H=1', '-DHAVE_PTHREAD_H=1', '-DHAVE_STDINT_H=1', '-DHAVE_INTTYPES_H=1', '../test.cpp', '-c', '-o', '/mnt/c/ns-allinone-3.27/ns-3.27/build/.conf_check_69ffa641f55d88b94e18fa5ce6ab1112/testbuild/test.cpp.1.o']

not found
from /mnt/c/ns-allinone-3.27/ns-3.27/src/core: The configuration failed
------------------------------------------------------
Checking for library rt
==>

int main(int argc, char **argv) {
	(void)argc; (void)argv;
	return 0;
}

<==
[1/2] Compiling [32mbuild/.conf_check_d35fe328f8a31c0f676ecc8a67e1122b/test.cpp[0m

['/usr/bin/g++', '-O0', '-ggdb', '-g3', '-Wall', '-Werror', '-std=c++11', '-pthread', '-DNS3_BUILD_PROFILE_DEBUG', '-DNS3_ASSERT_ENABLE', '-DNS3_LOG_ENABLE', '-DHAVE___UINT128_T=1', '-DINT64X64_USE_128=1', '-DHAVE_SYS_TYPES_H=1', '-DHAVE_SYS_STAT_H=1', '-DHAVE_DIRENT_H=1', '-DHAVE_STDLIB_H=1', '-DHAVE_GETENV=1', '-DHAVE_SIGNAL_H=1', '-DHAVE_PTHREAD_H=1', '-DHAVE_STDINT_H=1', '-DHAVE_INTTYPES_H=1', '../test.cpp', '-c', '-o', '/mnt/c/ns-allinone-3.27/ns-3.27/build/.conf_check_d35fe328f8a31c0f676ecc8a67e1122b/testbuild/test.cpp.1.o']
[2/2] Linking [33mbuild/.conf_check_d35fe328f8a31c0f676ecc8a67e1122b/testbuild/testprog[0m

['/usr/bin/g++', '-pthread', 'test.cpp.1.o', '-o', '/mnt/c/ns-allinone-3.27/ns-3.27/build/.conf_check_d35fe328f8a31c0f676ecc8a67e1122b/testbuild/testprog', '-Wl,-Bstatic', '-Wl,-Bdynamic', '-lrt']
yes
------------------------------------------------------
Checking for header sys/ioctl.h
==>
#include <sys/ioctl.h>

int main(int argc, char **argv) {
	(void)argc; (void)argv;
	return 0;
}

<==
[1/2] Compiling [32mbuild/.conf_check_67d9b64606fb05ad5091294ab6e9a0ba/test.cpp[0m

['/usr/bin/g++', '-O0', '-ggdb', '-g3', '-Wall', '-Werror', '-std=c++11', '-DNS3_BUILD_PROFILE_DEBUG', '-DNS3_ASSERT_ENABLE', '-DNS3_LOG_ENABLE', '../test.cpp', '-c', '-o', '/mnt/c/ns-allinone-3.27/ns-3.27/build/.conf_check_67d9b64606fb05ad5091294ab6e9a0ba/testbuild/test.cpp.1.o']
[2/2] Linking [33mbuild/.conf_check_67d9b64606fb05ad5091294ab6e9a0ba/testbuild/testprog[0m

['/usr/bin/g++', 'test.cpp.1.o', '-o', '/mnt/c/ns-allinone-3.27/ns-3.27/build/.conf_check_67d9b64606fb05ad5091294ab6e9a0ba/testbuild/testprog', '-Wl,-Bstatic', '-Wl,-Bdynamic']
yes
------------------------------------------------------
Checking for header net/if.h
==>
#include <net/if.h>

int main(int argc, char **argv) {
	(void)argc; (void)argv;
	return 0;
}

<==
[1/2] Compiling [32mbuild/.conf_check_21b773a4b84743d1d9b73a2153ca9407/test.cpp[0m

['/usr/bin/g++', '-O0', '-ggdb', '-g3', '-Wall', '-Werror', '-std=c++11', '-DNS3_BUILD_PROFILE_DEBUG', '-DNS3_ASSERT_ENABLE', '-DNS3_LOG_ENABLE', '-DHAVE_SYS_IOCTL_H=1', '../test.cpp', '-c', '-o', '/mnt/c/ns-allinone-3.27/ns-3.27/build/.conf_check_21b773a4b84743d1d9b73a2153ca9407/testbuild/test.cpp.1.o']
[2/2] Linking [33mbuild/.conf_check_21b773a4b84743d1d9b73a2153ca9407/testbuild/testprog[0m

['/usr/bin/g++', 'test.cpp.1.o', '-o', '/mnt/c/ns-allinone-3.27/ns-3.27/build/.conf_check_21b773a4b84743d1d9b73a2153ca9407/testbuild/testprog', '-Wl,-Bstatic', '-Wl,-Bdynamic']
yes
------------------------------------------------------
Checking for header net/ethernet.h
==>
#include <net/ethernet.h>

int main(int argc, char **argv) {
	(void)argc; (void)argv;
	return 0;
}

<==
[1/2] Compiling [32mbuild/.conf_check_43fcba44b770a1d749b2090a96eb72bc/test.cpp[0m

['/usr/bin/g++', '-O0', '-ggdb', '-g3', '-Wall', '-Werror', '-std=c++11', '-DNS3_BUILD_PROFILE_DEBUG', '-DNS3_ASSERT_ENABLE', '-DNS3_LOG_ENABLE', '-DHAVE_SYS_IOCTL_H=1', '-DHAVE_IF_NETS_H=1', '../test.cpp', '-c', '-o', '/mnt/c/ns-allinone-3.27/ns-3.27/build/.conf_check_43fcba44b770a1d749b2090a96eb72bc/testbuild/test.cpp.1.o']
[2/2] Linking [33mbuild/.conf_check_43fcba44b770a1d749b2090a96eb72bc/testbuild/testprog[0m

['/usr/bin/g++', 'test.cpp.1.o', '-o', '/mnt/c/ns-allinone-3.27/ns-3.27/build/.conf_check_43fcba44b770a1d749b2090a96eb72bc/testbuild/testprog', '-Wl,-Bstatic', '-Wl,-Bdynamic']
yes
------------------------------------------------------
Checking for header linux/if_tun.h
==>
#include <linux/if_tun.h>

int main(int argc, char **argv) {
	(void)argc; (void)argv;
	return 0;
}

<==
[1/2] Compiling [32mbuild/.conf_check_e20d8776086eb469b674303e94bf976f/test.cpp[0m

['/usr/bin/g++', '-O0', '-ggdb', '-g3', '-Wall', '-Werror', '-std=c++11', '-DNS3_BUILD_PROFILE_DEBUG', '-DNS3_ASSERT_ENABLE', '-DNS3_LOG_ENABLE', '-DHAVE_SYS_IOCTL_H=1', '-DHAVE_IF_NETS_H=1', '-DHAVE_NET_ETHERNET_H=1', '../test.cpp', '-c', '-o', '/mnt/c/ns-allinone-3.27/ns-3.27/build/.conf_check_e20d8776086eb469b674303e94bf976f/testbuild/test.cpp.1.o']
[2/2] Linking [33mbuild/.conf_check_e20d8776086eb469b674303e94bf976f/testbuild/testprog[0m

['/usr/bin/g++', 'test.cpp.1.o', '-o', '/mnt/c/ns-allinone-3.27/ns-3.27/build/.conf_check_e20d8776086eb469b674303e94bf976f/testbuild/testprog', '-Wl,-Bstatic', '-Wl,-Bdynamic']
yes
------------------------------------------------------
Checking for header netpacket/packet.h
==>
#include <netpacket/packet.h>

int main(int argc, char **argv) {
	(void)argc; (void)argv;
	return 0;
}

<==
[1/2] Compiling [32mbuild/.conf_check_d121733bb2c1a5e3d5026c499a882a41/test.cpp[0m

['/usr/bin/g++', '-O0', '-ggdb', '-g3', '-Wall', '-Werror', '-std=c++11', '-DNS3_BUILD_PROFILE_DEBUG', '-DNS3_ASSERT_ENABLE', '-DNS3_LOG_ENABLE', '-DHAVE_SYS_IOCTL_H=1', '-DHAVE_IF_NETS_H=1', '-DHAVE_NET_ETHERNET_H=1', '-DHAVE_IF_TUN_H=1', '../test.cpp', '-c', '-o', '/mnt/c/ns-allinone-3.27/ns-3.27/build/.conf_check_d121733bb2c1a5e3d5026c499a882a41/testbuild/test.cpp.1.o']
[2/2] Linking [33mbuild/.conf_check_d121733bb2c1a5e3d5026c499a882a41/testbuild/testprog[0m

['/usr/bin/g++', 'test.cpp.1.o', '-o', '/mnt/c/ns-allinone-3.27/ns-3.27/build/.conf_check_d121733bb2c1a5e3d5026c499a882a41/testbuild/testprog', '-Wl,-Bstatic', '-Wl,-Bdynamic']
yes
------------------------------------------------------
Checking for NSC location
not found
------------------------------------------------------
Checking for program 'pkg-config'
not found
find program=['pkg-config'] paths=['/home/gerudoking/bin', '/home/gerudoking/.local/bin', '/usr/local/sbin', '/usr/local/bin', '/usr/sbin', '/usr/bin', '/sbin', '/bin', '/usr/games', '/usr/local/games', '/mnt/d/Haskell Platform/8.0.2/lib/extralibs/bin', '/mnt/d/Haskell Platform/8.0.2/bin', '/mnt/c/ProgramData/Oracle/Java/javapath', '/mnt/c/Windows/System32', '/mnt/c/Windows', '/mnt/c/Windows/System32/wbem', '/mnt/c/Windows/System32/WindowsPowerShell/v1.0', '/mnt/c/MinGW/bin', '/mnt/c/Program Files (x86)/NVIDIA Corporation/PhysX/Common', '/mnt/c/Program Files/Microsoft DNX/Dnvm', '/mnt/c/Windows/System32', '/mnt/c/Windows', '/mnt/c/Windows/System32/wbem', '/mnt/c/Windows/System32/WindowsPowerShell/v1.0', '/mnt/c/Program Files/Git/cmd', '/mnt/d/Downloads 3/apache-maven-3.3.9-bin/apache-maven-3.3.9/bin', '/mnt/d/Downloads 3/commons-logging-1.2-bin/commons-logging-1.2', '/mnt/c/Javalib', '/mnt/c/Program Files/Java/jdk1.8.0_101/bin', '/mnt/c/TDM-GCC-64/bin', '/mnt/c/Program Files (x86)/Skype/Phone', '/mnt/d/Downloads 3/dos2unix-7.3.4-win32/bin', '/mnt/c/Program Files (x86)/GnuWin32/bin', '/mnt/c/SDL-2.0.5/bin', '/mnt/d/Haskell Platform/8.0.2/mingw/bin', '/mnt/c/Program Files/MySQL/MySQL Utilities 1.6', '/mnt/c/Program Files (x86)/GtkSharp/2.12/bin', '/mnt/c/Ruby24-x64/bin', '/mnt/c/Users/Eduardo/AppData/Roaming/local/bin', '/mnt/c/Users/Eduardo/AppData/Local/Programs/Python/Python35-32/Scripts', '/mnt/c/Users/Eduardo/AppData/Local/Programs/Python/Python35-32', '/mnt/c/Users/Eduardo/AppData/Local/Microsoft/WindowsApps', '/snap/bin'] var='PKGCONFIG' -> None
from /mnt/c/ns-allinone-3.27/ns-3.27/src/stats: Could not find the program ['pkg-config']
------------------------------------------------------
Checking for header linux/if_tun.h
==>
#include <linux/if_tun.h>

int main(int argc, char **argv) {
	(void)argc; (void)argv;
	return 0;
}

<==
[1/2] Compiling [32mbuild/.conf_check_e20d8776086eb469b674303e94bf976f/test.cpp[0m

['/usr/bin/g++', '-O0', '-ggdb', '-g3', '-Wall', '-Werror', '-std=c++11', '-DNS3_BUILD_PROFILE_DEBUG', '-DNS3_ASSERT_ENABLE', '-DNS3_LOG_ENABLE', '-DHAVE_SYS_IOCTL_H=1', '-DHAVE_IF_NETS_H=1', '-DHAVE_NET_ETHERNET_H=1', '-DHAVE_PACKET_H=1', '../test.cpp', '-c', '-o', '/mnt/c/ns-allinone-3.27/ns-3.27/build/.conf_check_e20d8776086eb469b674303e94bf976f/testbuild/test.cpp.1.o']
[2/2] Linking [33mbuild/.conf_check_e20d8776086eb469b674303e94bf976f/testbuild/testprog[0m

['/usr/bin/g++', 'test.cpp.1.o', '-o', '/mnt/c/ns-allinone-3.27/ns-3.27/build/.conf_check_e20d8776086eb469b674303e94bf976f/testbuild/testprog', '-Wl,-Bstatic', '-Wl,-Bdynamic']
yes
(tool boost is already loaded, skipping)
------------------------------------------------------
Checking boost includes
headers not found, please provide a --boost-includes argument (see help)
from /mnt/c/ns-allinone-3.27/ns-3.27/contrib: The configuration failed
------------------------------------------------------
Checking boost includes
headers not found, please provide a --boost-includes argument (see help)
from /mnt/c/ns-allinone-3.27/ns-3.27/contrib: The configuration failed
------------------------------------------------------
Checking for program 'sudo'
/usr/bin/sudo
find program=['sudo'] paths=['/home/gerudoking/bin', '/home/gerudoking/.local/bin', '/usr/local/sbin', '/usr/local/bin', '/usr/sbin', '/usr/bin', '/sbin', '/bin', '/usr/games', '/usr/local/games', '/mnt/d/Haskell Platform/8.0.2/lib/extralibs/bin', '/mnt/d/Haskell Platform/8.0.2/bin', '/mnt/c/ProgramData/Oracle/Java/javapath', '/mnt/c/Windows/System32', '/mnt/c/Windows', '/mnt/c/Windows/System32/wbem', '/mnt/c/Windows/System32/WindowsPowerShell/v1.0', '/mnt/c/MinGW/bin', '/mnt/c/Program Files (x86)/NVIDIA Corporation/PhysX/Common', '/mnt/c/Program Files/Microsoft DNX/Dnvm', '/mnt/c/Windows/System32', '/mnt/c/Windows', '/mnt/c/Windows/System32/wbem', '/mnt/c/Windows/System32/WindowsPowerShell/v1.0', '/mnt/c/Program Files/Git/cmd', '/mnt/d/Downloads 3/apache-maven-3.3.9-bin/apache-maven-3.3.9/bin', '/mnt/d/Downloads 3/commons-logging-1.2-bin/commons-logging-1.2', '/mnt/c/Javalib', '/mnt/c/Program Files/Java/jdk1.8.0_101/bin', '/mnt/c/TDM-GCC-64/bin', '/mnt/c/Program Files (x86)/Skype/Phone', '/mnt/d/Downloads 3/dos2unix-7.3.4-win32/bin', '/mnt/c/Program Files (x86)/GnuWin32/bin', '/mnt/c/SDL-2.0.5/bin', '/mnt/d/Haskell Platform/8.0.2/mingw/bin', '/mnt/c/Program Files/MySQL/MySQL Utilities 1.6', '/mnt/c/Program Files (x86)/GtkSharp/2.12/bin', '/mnt/c/Ruby24-x64/bin', '/mnt/c/Users/Eduardo/AppData/Roaming/local/bin', '/mnt/c/Users/Eduardo/AppData/Local/Programs/Python/Python35-32/Scripts', '/mnt/c/Users/Eduardo/AppData/Local/Programs/Python/Python35-32', '/mnt/c/Users/Eduardo/AppData/Local/Microsoft/WindowsApps', '/snap/bin'] var='SUDO' -> ['/usr/bin/sudo']
------------------------------------------------------
Checking for program 'valgrind'
not found
find program=['valgrind'] paths=['/home/gerudoking/bin', '/home/gerudoking/.local/bin', '/usr/local/sbin', '/usr/local/bin', '/usr/sbin', '/usr/bin', '/sbin', '/bin', '/usr/games', '/usr/local/games', '/mnt/d/Haskell Platform/8.0.2/lib/extralibs/bin', '/mnt/d/Haskell Platform/8.0.2/bin', '/mnt/c/ProgramData/Oracle/Java/javapath', '/mnt/c/Windows/System32', '/mnt/c/Windows', '/mnt/c/Windows/System32/wbem', '/mnt/c/Windows/System32/WindowsPowerShell/v1.0', '/mnt/c/MinGW/bin', '/mnt/c/Program Files (x86)/NVIDIA Corporation/PhysX/Common', '/mnt/c/Program Files/Microsoft DNX/Dnvm', '/mnt/c/Windows/System32', '/mnt/c/Windows', '/mnt/c/Windows/System32/wbem', '/mnt/c/Windows/System32/WindowsPowerShell/v1.0', '/mnt/c/Program Files/Git/cmd', '/mnt/d/Downloads 3/apache-maven-3.3.9-bin/apache-maven-3.3.9/bin', '/mnt/d/Downloads 3/commons-logging-1.2-bin/commons-logging-1.2', '/mnt/c/Javalib', '/mnt/c/Program Files/Java/jdk1.8.0_101/bin', '/mnt/c/TDM-GCC-64/bin', '/mnt/c/Program Files (x86)/Skype/Phone', '/mnt/d/Downloads 3/dos2unix-7.3.4-win32/bin', '/mnt/c/Program Files (x86)/GnuWin32/bin', '/mnt/c/SDL-2.0.5/bin', '/mnt/d/Haskell Platform/8.0.2/mingw/bin', '/mnt/c/Program Files/MySQL/MySQL Utilities 1.6', '/mnt/c/Program Files (x86)/GtkSharp/2.12/bin', '/mnt/c/Ruby24-x64/bin', '/mnt/c/Users/Eduardo/AppData/Roaming/local/bin', '/mnt/c/Users/Eduardo/AppData/Local/Programs/Python/Python35-32/Scripts', '/mnt/c/Users/Eduardo/AppData/Local/Programs/Python/Python35-32', '/mnt/c/Users/Eduardo/AppData/Local/Microsoft/WindowsApps', '/snap/bin'] var='VALGRIND' -> None
from /mnt/c/ns-allinone-3.27/ns-3.27: Could not find the program ['valgrind']
------------------------------------------------------
Checking for program 'pkg-config'
not found
find program=['pkg-config'] paths=['/home/gerudoking/bin', '/home/gerudoking/.local/bin', '/usr/local/sbin', '/usr/local/bin', '/usr/sbin', '/usr/bin', '/sbin', '/bin', '/usr/games', '/usr/local/games', '/mnt/d/Haskell Platform/8.0.2/lib/extralibs/bin', '/mnt/d/Haskell Platform/8.0.2/bin', '/mnt/c/ProgramData/Oracle/Java/javapath', '/mnt/c/Windows/System32', '/mnt/c/Windows', '/mnt/c/Windows/System32/wbem', '/mnt/c/Windows/System32/WindowsPowerShell/v1.0', '/mnt/c/MinGW/bin', '/mnt/c/Program Files (x86)/NVIDIA Corporation/PhysX/Common', '/mnt/c/Program Files/Microsoft DNX/Dnvm', '/mnt/c/Windows/System32', '/mnt/c/Windows', '/mnt/c/Windows/System32/wbem', '/mnt/c/Windows/System32/WindowsPowerShell/v1.0', '/mnt/c/Program Files/Git/cmd', '/mnt/d/Downloads 3/apache-maven-3.3.9-bin/apache-maven-3.3.9/bin', '/mnt/d/Downloads 3/commons-logging-1.2-bin/commons-logging-1.2', '/mnt/c/Javalib', '/mnt/c/Program Files/Java/jdk1.8.0_101/bin', '/mnt/c/TDM-GCC-64/bin', '/mnt/c/Program Files (x86)/Skype/Phone', '/mnt/d/Downloads 3/dos2unix-7.3.4-win32/bin', '/mnt/c/Program Files (x86)/GnuWin32/bin', '/mnt/c/SDL-2.0.5/bin', '/mnt/d/Haskell Platform/8.0.2/mingw/bin', '/mnt/c/Program Files/MySQL/MySQL Utilities 1.6', '/mnt/c/Program Files (x86)/GtkSharp/2.12/bin', '/mnt/c/Ruby24-x64/bin', '/mnt/c/Users/Eduardo/AppData/Roaming/local/bin', '/mnt/c/Users/Eduardo/AppData/Local/Programs/Python/Python35-32/Scripts', '/mnt/c/Users/Eduardo/AppData/Local/Programs/Python/Python35-32', '/mnt/c/Users/Eduardo/AppData/Local/Microsoft/WindowsApps', '/snap/bin'] var='PKGCONFIG' -> None
from /mnt/c/ns-allinone-3.27/ns-3.27: Could not find the program ['pkg-config']
------------------------------------------------------
python-config
not found
find program=['libgcrypt-config'] paths=['/home/gerudoking/bin', '/home/gerudoking/.local/bin', '/usr/local/sbin', '/usr/local/bin', '/usr/sbin', '/usr/bin', '/sbin', '/bin', '/usr/games', '/usr/local/games', '/mnt/d/Haskell Platform/8.0.2/lib/extralibs/bin', '/mnt/d/Haskell Platform/8.0.2/bin', '/mnt/c/ProgramData/Oracle/Java/javapath', '/mnt/c/Windows/System32', '/mnt/c/Windows', '/mnt/c/Windows/System32/wbem', '/mnt/c/Windows/System32/WindowsPowerShell/v1.0', '/mnt/c/MinGW/bin', '/mnt/c/Program Files (x86)/NVIDIA Corporation/PhysX/Common', '/mnt/c/Program Files/Microsoft DNX/Dnvm', '/mnt/c/Windows/System32', '/mnt/c/Windows', '/mnt/c/Windows/System32/wbem', '/mnt/c/Windows/System32/WindowsPowerShell/v1.0', '/mnt/c/Program Files/Git/cmd', '/mnt/d/Downloads 3/apache-maven-3.3.9-bin/apache-maven-3.3.9/bin', '/mnt/d/Downloads 3/commons-logging-1.2-bin/commons-logging-1.2', '/mnt/c/Javalib', '/mnt/c/Program Files/Java/jdk1.8.0_101/bin', '/mnt/c/TDM-GCC-64/bin', '/mnt/c/Program Files (x86)/Skype/Phone', '/mnt/d/Downloads 3/dos2unix-7.3.4-win32/bin', '/mnt/c/Program Files (x86)/GnuWin32/bin', '/mnt/c/SDL-2.0.5/bin', '/mnt/d/Haskell Platform/8.0.2/mingw/bin', '/mnt/c/Program Files/MySQL/MySQL Utilities 1.6', '/mnt/c/Program Files (x86)/GtkSharp/2.12/bin', '/mnt/c/Ruby24-x64/bin', '/mnt/c/Users/Eduardo/AppData/Roaming/local/bin', '/mnt/c/Users/Eduardo/AppData/Local/Programs/Python/Python35-32/Scripts', '/mnt/c/Users/Eduardo/AppData/Local/Programs/Python/Python35-32', '/mnt/c/Users/Eduardo/AppData/Local/Microsoft/WindowsApps', '/snap/bin'] var='LIBGCRYPT_CONFIG' -> None
from /mnt/c/ns-allinone-3.27/ns-3.27: Could not find the program ['libgcrypt-config']
----------------------------------------------------------------
Checking for compilation flag -Wno-error=deprecated-d... support
==>
int main() { return 0; }
<==
[1/1] Compiling [32mbuild/.conf_check_15d05aff002e7ad666567900bc6c6ff5/test.cpp[0m

['/usr/bin/g++', '-O0', '-ggdb', '-g3', '-Wall', '-Werror', '-std=c++11', '-Wno-error=deprecated-declarations', '-DNS3_BUILD_PROFILE_DEBUG', '-DNS3_ASSERT_ENABLE', '-DNS3_LOG_ENABLE', '-DHAVE_SYS_IOCTL_H=1', '-DHAVE_IF_NETS_H=1', '-DHAVE_NET_ETHERNET_H=1', '-DHAVE_PACKET_H=1', '-DHAVE_IF_TUN_H=1', '../test.cpp', '-c', '-o', '/mnt/c/ns-allinone-3.27/ns-3.27/build/.conf_check_15d05aff002e7ad666567900bc6c6ff5/testbuild/test.cpp.1.o']
ok
----------------------------------------------------------------
Checking for compilation flag -Wno-error=deprecated-d... support
==>
int main() { return 0; }
<==
[1/1] Compiling [32mbuild/.conf_check_548412cf54e22c80581dd6ee5c77102d/test.c[0m

['/usr/bin/gcc', '-Wno-error=deprecated-declarations', '-DNS3_BUILD_PROFILE_DEBUG', '-DNS3_ASSERT_ENABLE', '-DNS3_LOG_ENABLE', '-DHAVE_SYS_IOCTL_H=1', '-DHAVE_IF_NETS_H=1', '-DHAVE_NET_ETHERNET_H=1', '-DHAVE_PACKET_H=1', '-DHAVE_IF_TUN_H=1', '../test.c', '-c', '-o', '/mnt/c/ns-allinone-3.27/ns-3.27/build/.conf_check_548412cf54e22c80581dd6ee5c77102d/testbuild/test.c.1.o']
ok
----------------------------------------------------------------
Checking for compilation flag -fstrict-aliasing support
==>
int main() { return 0; }
<==
[1/1] Compiling [32mbuild/.conf_check_15d05aff002e7ad666567900bc6c6ff5/test.cpp[0m

['/usr/bin/g++', '-O0', '-ggdb', '-g3', '-Wall', '-Werror', '-std=c++11', '-Wno-error=deprecated-declarations', '-fstrict-aliasing', '-DNS3_BUILD_PROFILE_DEBUG', '-DNS3_ASSERT_ENABLE', '-DNS3_LOG_ENABLE', '-DHAVE_SYS_IOCTL_H=1', '-DHAVE_IF_NETS_H=1', '-DHAVE_NET_ETHERNET_H=1', '-DHAVE_PACKET_H=1', '-DHAVE_IF_TUN_H=1', '../test.cpp', '-c', '-o', '/mnt/c/ns-allinone-3.27/ns-3.27/build/.conf_check_15d05aff002e7ad666567900bc6c6ff5/testbuild/test.cpp.1.o']
ok
----------------------------------------------------------------
Checking for compilation flag -fstrict-aliasing support
==>
int main() { return 0; }
<==
[1/1] Compiling [32mbuild/.conf_check_548412cf54e22c80581dd6ee5c77102d/test.c[0m

['/usr/bin/gcc', '-fstrict-aliasing', '-DNS3_BUILD_PROFILE_DEBUG', '-DNS3_ASSERT_ENABLE', '-DNS3_LOG_ENABLE', '-DHAVE_SYS_IOCTL_H=1', '-DHAVE_IF_NETS_H=1', '-DHAVE_NET_ETHERNET_H=1', '-DHAVE_PACKET_H=1', '-DHAVE_IF_TUN_H=1', '../test.c', '-c', '-o', '/mnt/c/ns-allinone-3.27/ns-3.27/build/.conf_check_548412cf54e22c80581dd6ee5c77102d/testbuild/test.c.1.o']
ok
----------------------------------------------------------------
Checking for compilation flag -Wstrict-aliasing support
==>
int main() { return 0; }
<==
[1/1] Compiling [32mbuild/.conf_check_15d05aff002e7ad666567900bc6c6ff5/test.cpp[0m

['/usr/bin/g++', '-O0', '-ggdb', '-g3', '-Wall', '-Werror', '-std=c++11', '-Wno-error=deprecated-declarations', '-fstrict-aliasing', '-Wstrict-aliasing', '-DNS3_BUILD_PROFILE_DEBUG', '-DNS3_ASSERT_ENABLE', '-DNS3_LOG_ENABLE', '-DHAVE_SYS_IOCTL_H=1', '-DHAVE_IF_NETS_H=1', '-DHAVE_NET_ETHERNET_H=1', '-DHAVE_PACKET_H=1', '-DHAVE_IF_TUN_H=1', '../test.cpp', '-c', '-o', '/mnt/c/ns-allinone-3.27/ns-3.27/build/.conf_check_15d05aff002e7ad666567900bc6c6ff5/testbuild/test.cpp.1.o']
ok
----------------------------------------------------------------
Checking for compilation flag -Wstrict-aliasing support
==>
int main() { return 0; }
<==
[1/1] Compiling [32mbuild/.conf_check_548412cf54e22c80581dd6ee5c77102d/test.c[0m

['/usr/bin/gcc', '-Wstrict-aliasing', '-DNS3_BUILD_PROFILE_DEBUG', '-DNS3_ASSERT_ENABLE', '-DNS3_LOG_ENABLE', '-DHAVE_SYS_IOCTL_H=1', '-DHAVE_IF_NETS_H=1', '-DHAVE_NET_ETHERNET_H=1', '-DHAVE_PACKET_H=1', '-DHAVE_IF_TUN_H=1', '../test.c', '-c', '-o', '/mnt/c/ns-allinone-3.27/ns-3.27/build/.conf_check_548412cf54e22c80581dd6ee5c77102d/testbuild/test.c.1.o']
ok
----------------------------------------------------------------
Checking for program 'doxygen'
not found
find program=['doxygen'] paths=['/home/gerudoking/bin', '/home/gerudoking/.local/bin', '/usr/local/sbin', '/usr/local/bin', '/usr/sbin', '/usr/bin', '/sbin', '/bin', '/usr/games', '/usr/local/games', '/mnt/d/Haskell Platform/8.0.2/lib/extralibs/bin', '/mnt/d/Haskell Platform/8.0.2/bin', '/mnt/c/ProgramData/Oracle/Java/javapath', '/mnt/c/Windows/System32', '/mnt/c/Windows', '/mnt/c/Windows/System32/wbem', '/mnt/c/Windows/System32/WindowsPowerShell/v1.0', '/mnt/c/MinGW/bin', '/mnt/c/Program Files (x86)/NVIDIA Corporation/PhysX/Common', '/mnt/c/Program Files/Microsoft DNX/Dnvm', '/mnt/c/Windows/System32', '/mnt/c/Windows', '/mnt/c/Windows/System32/wbem', '/mnt/c/Windows/System32/WindowsPowerShell/v1.0', '/mnt/c/Program Files/Git/cmd', '/mnt/d/Downloads 3/apache-maven-3.3.9-bin/apache-maven-3.3.9/bin', '/mnt/d/Downloads 3/commons-logging-1.2-bin/commons-logging-1.2', '/mnt/c/Javalib', '/mnt/c/Program Files/Java/jdk1.8.0_101/bin', '/mnt/c/TDM-GCC-64/bin', '/mnt/c/Program Files (x86)/Skype/Phone', '/mnt/d/Downloads 3/dos2unix-7.3.4-win32/bin', '/mnt/c/Program Files (x86)/GnuWin32/bin', '/mnt/c/SDL-2.0.5/bin', '/mnt/d/Haskell Platform/8.0.2/mingw/bin', '/mnt/c/Program Files/MySQL/MySQL Utilities 1.6', '/mnt/c/Program Files (x86)/GtkSharp/2.12/bin', '/mnt/c/Ruby24-x64/bin', '/mnt/c/Users/Eduardo/AppData/Roaming/local/bin', '/mnt/c/Users/Eduardo/AppData/Local/Programs/Python/Python35-32/Scripts', '/mnt/c/Users/Eduardo/AppData/Local/Programs/Python/Python35-32', '/mnt/c/Users/Eduardo/AppData/Local/Microsoft/WindowsApps', '/snap/bin'] var='DOXYGEN' -> None
from /mnt/c/ns-allinone-3.27/ns-3.27: Could not find the program ['doxygen']
